2026-05-25 16:15:42,158 INFO o.a.j.u.JMeterUtils: Setting Locale to en_EN
2026-05-25 16:15:42,190 INFO o.a.j.JMeter: Loading user properties from: /opt/jmeter/bin/user.properties
2026-05-25 16:15:42,191 INFO o.a.j.JMeter: Loading system properties from: /opt/jmeter/bin/system.properties
2026-05-25 16:15:42,199 INFO o.a.j.JMeter: Copyright (c) 1998-2024 The Apache Software Foundation
2026-05-25 16:15:42,199 INFO o.a.j.JMeter: Version 5.6.3
2026-05-25 16:15:42,200 INFO o.a.j.JMeter: java.version=21.0.11
2026-05-25 16:15:42,200 INFO o.a.j.JMeter: java.vm.name=OpenJDK 64-Bit Server VM
2026-05-25 16:15:42,200 INFO o.a.j.JMeter: os.name=Linux
2026-05-25 16:15:42,200 INFO o.a.j.JMeter: os.arch=amd64
2026-05-25 16:15:42,200 INFO o.a.j.JMeter: os.version=5.15.0-107-generic
2026-05-25 16:15:42,200 INFO o.a.j.JMeter: file.encoding=UTF-8
2026-05-25 16:15:42,201 INFO o.a.j.JMeter: java.awt.headless=true
2026-05-25 16:15:42,201 INFO o.a.j.JMeter: Max memory     =1073741824
2026-05-25 16:15:42,201 INFO o.a.j.JMeter: Available Processors =8
2026-05-25 16:15:42,221 INFO o.a.j.JMeter: Default Locale=English (EN)
2026-05-25 16:15:42,222 INFO o.a.j.JMeter: JMeter  Locale=English (EN)
2026-05-25 16:15:42,222 INFO o.a.j.JMeter: JMeterHome=/opt/jmeter
2026-05-25 16:15:42,222 INFO o.a.j.JMeter: user.dir  =/home/solo/Documents/SwiftPay
2026-05-25 16:15:42,223 INFO o.a.j.JMeter: PWD       =/home/solo/Documents/SwiftPay
2026-05-25 16:15:42,223 INFO o.a.j.JMeter: IP: 127.0.1.1 Name: workspace FullName: workspace
2026-05-25 16:15:42,246 INFO o.a.j.s.FileServer: Default base='/home/solo/Documents/SwiftPay'
2026-05-25 16:15:42,249 INFO o.a.j.s.FileServer: Set new base='/home/solo/Documents/SwiftPay/load'
2026-05-25 16:15:42,614 INFO o.a.j.s.SaveService: Testplan (JMX) version: 2.2. Testlog (JTL) version: 2.2
2026-05-25 16:15:42,664 INFO o.a.j.s.SaveService: Using SaveService properties version 5.0
2026-05-25 16:15:42,671 INFO o.a.j.s.SaveService: Using SaveService properties file encoding UTF-8
2026-05-25 16:15:42,678 INFO o.a.j.s.SaveService: Loading file: load/swiftpay.jmx
2026-05-25 16:15:42,786 INFO o.a.j.p.h.s.HTTPSamplerBase: Parser for text/html is org.apache.jmeter.protocol.http.parser.LagartoBasedHtmlParser
2026-05-25 16:15:42,787 INFO o.a.j.p.h.s.HTTPSamplerBase: Parser for application/xhtml+xml is org.apache.jmeter.protocol.http.parser.LagartoBasedHtmlParser
2026-05-25 16:15:42,787 INFO o.a.j.p.h.s.HTTPSamplerBase: Parser for application/xml is org.apache.jmeter.protocol.http.parser.LagartoBasedHtmlParser
2026-05-25 16:15:42,787 INFO o.a.j.p.h.s.HTTPSamplerBase: Parser for text/xml is org.apache.jmeter.protocol.http.parser.LagartoBasedHtmlParser
2026-05-25 16:15:42,787 INFO o.a.j.p.h.s.HTTPSamplerBase: Parser for text/vnd.wap.wml is org.apache.jmeter.protocol.http.parser.RegexpHTMLParser
2026-05-25 16:15:42,788 INFO o.a.j.p.h.s.HTTPSamplerBase: Parser for text/css is org.apache.jmeter.protocol.http.parser.CssParser
2026-05-25 16:15:42,841 INFO o.a.j.JMeter: Creating summariser <summary>
2026-05-25 16:15:42,865 INFO o.a.j.e.StandardJMeterEngine: Running the test!
2026-05-25 16:15:42,866 INFO o.a.j.s.SampleEvent: List of sample_variables: []
2026-05-25 16:15:42,866 INFO o.a.j.s.SampleEvent: List of sample_variables: []
2026-05-25 16:15:42,874 INFO o.a.j.e.u.CompoundVariable: Note: Function class names must contain the string: '.functions.'
2026-05-25 16:15:42,875 INFO o.a.j.e.u.CompoundVariable: Note: Function class names must not contain the string: '.gui.'
2026-05-25 16:15:42,989 INFO o.a.j.JMeter: Running test (1779705942989)
2026-05-25 16:15:43,024 INFO o.a.j.e.StandardJMeterEngine: Starting ThreadGroup: 1 : 250 TPS Thread Group
2026-05-25 16:15:43,025 INFO o.a.j.e.StandardJMeterEngine: Starting 250 threads for group 250 TPS Thread Group.
2026-05-25 16:15:43,025 INFO o.a.j.e.StandardJMeterEngine: Thread will continue on error
2026-05-25 16:15:43,025 INFO o.a.j.t.ThreadGroup: Starting thread group... number=1 threads=250 ramp-up=1 delayedStart=false
2026-05-25 16:15:43,035 INFO o.a.j.t.JMeterThread: Thread started: 250 TPS Thread Group 1-3
2026-05-25 16:15:43,035 INFO o.a.j.t.JMeterThread: Thread started: 250 TPS Thread Group 1-1
2026-05-25 16:15:43,036 INFO o.a.j.t.JMeterThread: Thread started: 250 TPS Thread Group 1-2
2026-05-25 16:15:43,039 INFO o.a.j.t.JMeterThread: Thread started: 250 TPS Thread Group 1-4
2026-05-25 16:15:43,043 INFO o.a.j.t.JMeterThread: Thread started: 250 TPS Thread Group 1-5
2026-05-25 16:15:43,047 INFO o.a.j.t.JMeterThread: Thread started: 250 TPS Thread Group 1-6
2026-05-25 16:15:43,050 INFO o.a.j.t.JMeterThread: Thread started: 250 TPS Thread Group 1-7
2026-05-25 16:15:43,055 INFO o.a.j.t.JMeterThread: Thread started: 250 TPS Thread Group 1-8
2026-05-25 16:15:43,058 INFO o.a.j.t.JMeterThread: Thread started: 250 TPS Thread Group 1-9
2026-05-25 16:15:43,062 INFO o.a.j.t.JMeterThread: Thread started: 250 TPS Thread Group 1-10
2026-05-25 16:15:43,066 INFO o.a.j.t.JMeterThread: Thread started: 250 TPS Thread Group 1-11
2026-05-25 16:15:43,070 INFO o.a.j.t.JMeterThread: Thread started: 250 TPS Thread Group 1-12
2026-05-25 16:15:43,074 INFO o.a.j.t.JMeterThread: Thread started: 250 TPS Thread Group 1-13
2026-05-25 16:15:43,078 INFO o.a.j.p.h.s.HTTPHCAbstractImpl: Local host = workspace
2026-05-25 16:15:43,079 INFO o.a.j.t.JMeterThread: Thread started: 250 TPS Thread Group 1-14
2026-05-25 16:15:43,083 INFO o.a.j.t.JMeterThread: Thread started: 250 TPS Thread Group 1-15
2026-05-25 16:15:43,087 INFO o.a.j.t.JMeterThread: Thread started: 250 TPS Thread Group 1-16
2026-05-25 16:15:43,090 INFO o.a.j.p.h.s.HTTPHC4Impl: HTTP request retry count = 0
2026-05-25 16:15:43,091 INFO o.a.j.t.JMeterThread: Thread started: 250 TPS Thread Group 1-17
2026-05-25 16:15:43,094 INFO o.a.j.s.SampleResult: Note: Sample TimeStamps are START times
2026-05-25 16:15:43,094 INFO o.a.j.s.SampleResult: sampleresult.default.encoding is set to UTF-8
2026-05-25 16:15:43,095 INFO o.a.j.s.SampleResult: sampleresult.useNanoTime=true
2026-05-25 16:15:43,094 INFO o.a.j.t.JMeterThread: Thread started: 250 TPS Thread Group 1-18
2026-05-25 16:15:43,095 INFO o.a.j.s.SampleResult: sampleresult.nanoThreadSleep=5000
2026-05-25 16:15:43,098 INFO o.a.j.t.JMeterThread: Thread started: 250 TPS Thread Group 1-19
2026-05-25 16:15:43,102 INFO o.a.j.t.JMeterThread: Thread started: 250 TPS Thread Group 1-20
2026-05-25 16:15:43,106 INFO o.a.j.t.JMeterThread: Thread started: 250 TPS Thread Group 1-21
2026-05-25 16:15:43,113 INFO o.a.j.t.JMeterThread: Thread started: 250 TPS Thread Group 1-22
2026-05-25 16:15:43,116 INFO o.a.j.t.JMeterThread: Thread started: 250 TPS Thread Group 1-23
2026-05-25 16:15:43,120 INFO o.a.j.t.JMeterThread: Thread started: 250 TPS Thread Group 1-24
2026-05-25 16:15:43,123 INFO o.a.j.t.JMeterThread: Thread started: 250 TPS Thread Group 1-25
2026-05-25 16:15:43,127 INFO o.a.j.t.JMeterThread: Thread started: 250 TPS Thread Group 1-26
2026-05-25 16:15:43,131 INFO o.a.j.t.JMeterThread: Thread started: 250 TPS Thread Group 1-27
2026-05-25 16:15:43,136 INFO o.a.j.t.JMeterThread: Thread started: 250 TPS Thread Group 1-28
2026-05-25 16:15:43,139 INFO o.a.j.t.JMeterThread: Thread started: 250 TPS Thread Group 1-29
2026-05-25 16:15:43,142 INFO o.a.j.t.JMeterThread: Thread started: 250 TPS Thread Group 1-30
2026-05-25 16:15:43,147 INFO o.a.j.t.JMeterThread: Thread started: 250 TPS Thread Group 1-31
2026-05-25 16:15:43,150 INFO o.a.j.t.JMeterThread: Thread started: 250 TPS Thread Group 1-32
2026-05-25 16:15:43,154 INFO o.a.j.t.JMeterThread: Thread started: 250 TPS Thread Group 1-33
2026-05-25 16:15:43,159 INFO o.a.j.t.JMeterThread: Thread started: 250 TPS Thread Group 1-34
2026-05-25 16:15:43,163 INFO o.a.j.t.JMeterThread: Thread started: 250 TPS Thread Group 1-35
2026-05-25 16:15:43,171 INFO o.a.j.t.JMeterThread: Thread started: 250 TPS Thread Group 1-37
2026-05-25 16:15:43,172 INFO o.a.j.t.JMeterThread: Thread started: 250 TPS Thread Group 1-36
2026-05-25 16:15:43,175 INFO o.a.j.t.JMeterThread: Thread started: 250 TPS Thread Group 1-38
2026-05-25 16:15:43,179 INFO o.a.j.t.JMeterThread: Thread started: 250 TPS Thread Group 1-39
2026-05-25 16:15:43,182 INFO o.a.j.t.JMeterThread: Thread started: 250 TPS Thread Group 1-40
2026-05-25 16:15:43,186 INFO o.a.j.t.JMeterThread: Thread started: 250 TPS Thread Group 1-41
2026-05-25 16:15:43,190 INFO o.a.j.t.JMeterThread: Thread started: 250 TPS Thread Group 1-42
2026-05-25 16:15:43,194 INFO o.a.j.t.JMeterThread: Thread started: 250 TPS Thread Group 1-43
2026-05-25 16:15:43,199 INFO o.a.j.t.JMeterThread: Thread started: 250 TPS Thread Group 1-44
2026-05-25 16:15:43,203 INFO o.a.j.t.JMeterThread: Thread started: 250 TPS Thread Group 1-45
2026-05-25 16:15:43,207 INFO o.a.j.t.JMeterThread: Thread started: 250 TPS Thread Group 1-46
2026-05-25 16:15:43,210 INFO o.a.j.t.JMeterThread: Thread started: 250 TPS Thread Group 1-47
2026-05-25 16:15:43,214 INFO o.a.j.t.JMeterThread: Thread started: 250 TPS Thread Group 1-48
2026-05-25 16:15:43,218 INFO o.a.j.t.JMeterThread: Thread started: 250 TPS Thread Group 1-49
2026-05-25 16:15:43,222 INFO o.a.j.t.JMeterThread: Thread started: 250 TPS Thread Group 1-50
2026-05-25 16:15:43,226 INFO o.a.j.t.JMeterThread: Thread started: 250 TPS Thread Group 1-51
2026-05-25 16:15:43,230 INFO o.a.j.t.ThreadGroup: Started thread group number 1
2026-05-25 16:15:43,230 INFO o.a.j.e.StandardJMeterEngine: All thread groups have been started
2026-05-25 16:15:43,230 INFO o.a.j.t.JMeterThread: Thread started: 250 TPS Thread Group 1-52
2026-05-25 16:15:43,234 INFO o.a.j.t.JMeterThread: Thread started: 250 TPS Thread Group 1-53
2026-05-25 16:15:43,238 INFO o.a.j.t.JMeterThread: Thread started: 250 TPS Thread Group 1-54
2026-05-25 16:15:43,243 INFO o.a.j.t.JMeterThread: Thread started: 250 TPS Thread Group 1-55
2026-05-25 16:15:43,246 INFO o.a.j.t.JMeterThread: Thread started: 250 TPS Thread Group 1-56
2026-05-25 16:15:43,250 INFO o.a.j.t.JMeterThread: Thread started: 250 TPS Thread Group 1-57
2026-05-25 16:15:43,254 INFO o.a.j.t.JMeterThread: Thread started: 250 TPS Thread Group 1-58
2026-05-25 16:15:43,259 INFO o.a.j.t.JMeterThread: Thread started: 250 TPS Thread Group 1-59
2026-05-25 16:15:43,263 INFO o.a.j.t.JMeterThread: Thread started: 250 TPS Thread Group 1-60
2026-05-25 16:15:43,266 INFO o.a.j.t.JMeterThread: Thread started: 250 TPS Thread Group 1-61
2026-05-25 16:15:43,270 INFO o.a.j.t.JMeterThread: Thread started: 250 TPS Thread Group 1-62
2026-05-25 16:15:43,274 INFO o.a.j.t.JMeterThread: Thread started: 250 TPS Thread Group 1-63
2026-05-25 16:15:43,278 INFO o.a.j.t.JMeterThread: Thread started: 250 TPS Thread Group 1-64
2026-05-25 16:15:43,283 INFO o.a.j.t.JMeterThread: Thread started: 250 TPS Thread Group 1-65
2026-05-25 16:15:43,286 INFO o.a.j.t.JMeterThread: Thread started: 250 TPS Thread Group 1-66
2026-05-25 16:15:43,290 INFO o.a.j.t.JMeterThread: Thread started: 250 TPS Thread Group 1-67
2026-05-25 16:15:43,294 INFO o.a.j.t.JMeterThread: Thread started: 250 TPS Thread Group 1-68
2026-05-25 16:15:43,298 INFO o.a.j.t.JMeterThread: Thread started: 250 TPS Thread Group 1-69
2026-05-25 16:15:43,302 INFO o.a.j.t.JMeterThread: Thread started: 250 TPS Thread Group 1-70
2026-05-25 16:15:43,306 INFO o.a.j.t.JMeterThread: Thread started: 250 TPS Thread Group 1-71
2026-05-25 16:15:43,311 INFO o.a.j.t.JMeterThread: Thread started: 250 TPS Thread Group 1-72
2026-05-25 16:15:43,314 INFO o.a.j.t.JMeterThread: Thread started: 250 TPS Thread Group 1-73
2026-05-25 16:15:43,319 INFO o.a.j.t.JMeterThread: Thread started: 250 TPS Thread Group 1-74
2026-05-25 16:15:43,322 INFO o.a.j.t.JMeterThread: Thread started: 250 TPS Thread Group 1-75
2026-05-25 16:15:43,327 INFO o.a.j.t.JMeterThread: Thread started: 250 TPS Thread Group 1-76
2026-05-25 16:15:43,333 INFO o.a.j.t.JMeterThread: Thread started: 250 TPS Thread Group 1-77
2026-05-25 16:15:43,336 INFO o.a.j.t.JMeterThread: Thread started: 250 TPS Thread Group 1-78
2026-05-25 16:15:43,339 INFO o.a.j.t.JMeterThread: Thread started: 250 TPS Thread Group 1-79
2026-05-25 16:15:43,343 INFO o.a.j.t.JMeterThread: Thread started: 250 TPS Thread Group 1-80
2026-05-25 16:15:43,347 INFO o.a.j.t.JMeterThread: Thread started: 250 TPS Thread Group 1-81
2026-05-25 16:15:43,352 INFO o.a.j.t.JMeterThread: Thread started: 250 TPS Thread Group 1-82
2026-05-25 16:15:43,356 INFO o.a.j.t.JMeterThread: Thread started: 250 TPS Thread Group 1-83
2026-05-25 16:15:43,358 INFO o.a.j.t.JMeterThread: Thread started: 250 TPS Thread Group 1-84
2026-05-25 16:15:43,365 INFO o.a.j.t.JMeterThread: Thread started: 250 TPS Thread Group 1-85
2026-05-25 16:15:43,367 INFO o.a.j.t.JMeterThread: Thread started: 250 TPS Thread Group 1-86
2026-05-25 16:15:43,370 INFO o.a.j.t.JMeterThread: Thread started: 250 TPS Thread Group 1-87
2026-05-25 16:15:43,374 INFO o.a.j.t.JMeterThread: Thread started: 250 TPS Thread Group 1-88
2026-05-25 16:15:43,381 INFO o.a.j.t.JMeterThread: Thread started: 250 TPS Thread Group 1-89
2026-05-25 16:15:43,384 INFO o.a.j.t.JMeterThread: Thread started: 250 TPS Thread Group 1-90
2026-05-25 16:15:43,387 INFO o.a.j.t.JMeterThread: Thread started: 250 TPS Thread Group 1-91
2026-05-25 16:15:43,390 INFO o.a.j.t.JMeterThread: Thread started: 250 TPS Thread Group 1-92
2026-05-25 16:15:43,395 INFO o.a.j.t.JMeterThread: Thread started: 250 TPS Thread Group 1-93
2026-05-25 16:15:43,399 INFO o.a.j.t.JMeterThread: Thread started: 250 TPS Thread Group 1-94
2026-05-25 16:15:43,403 INFO o.a.j.t.JMeterThread: Thread started: 250 TPS Thread Group 1-95
2026-05-25 16:15:43,410 INFO o.a.j.t.JMeterThread: Thread started: 250 TPS Thread Group 1-96
2026-05-25 16:15:43,415 INFO o.a.j.t.JMeterThread: Thread started: 250 TPS Thread Group 1-98
2026-05-25 16:15:43,418 INFO o.a.j.t.JMeterThread: Thread started: 250 TPS Thread Group 1-99
2026-05-25 16:15:43,421 INFO o.a.j.t.JMeterThread: Thread started: 250 TPS Thread Group 1-97
2026-05-25 16:15:43,423 INFO o.a.j.t.JMeterThread: Thread started: 250 TPS Thread Group 1-100
2026-05-25 16:15:43,430 INFO o.a.j.t.JMeterThread: Thread started: 250 TPS Thread Group 1-102
2026-05-25 16:15:43,434 INFO o.a.j.t.JMeterThread: Thread started: 250 TPS Thread Group 1-101
2026-05-25 16:15:43,435 INFO o.a.j.t.JMeterThread: Thread started: 250 TPS Thread Group 1-103
2026-05-25 16:15:43,438 INFO o.a.j.t.JMeterThread: Thread started: 250 TPS Thread Group 1-104
2026-05-25 16:15:43,445 INFO o.a.j.t.JMeterThread: Thread started: 250 TPS Thread Group 1-105
2026-05-25 16:15:43,447 INFO o.a.j.t.JMeterThread: Thread started: 250 TPS Thread Group 1-106
2026-05-25 16:15:43,451 INFO o.a.j.t.JMeterThread: Thread started: 250 TPS Thread Group 1-107
2026-05-25 16:15:43,455 INFO o.a.j.t.JMeterThread: Thread started: 250 TPS Thread Group 1-108
2026-05-25 16:15:43,458 INFO o.a.j.t.JMeterThread: Thread started: 250 TPS Thread Group 1-109
2026-05-25 16:15:43,464 INFO o.a.j.t.JMeterThread: Thread started: 250 TPS Thread Group 1-110
2026-05-25 16:15:43,469 INFO o.a.j.t.JMeterThread: Thread started: 250 TPS Thread Group 1-111
2026-05-25 16:15:43,472 INFO o.a.j.t.JMeterThread: Thread started: 250 TPS Thread Group 1-112
2026-05-25 16:15:43,474 INFO o.a.j.t.JMeterThread: Thread started: 250 TPS Thread Group 1-113
2026-05-25 16:15:43,478 INFO o.a.j.t.JMeterThread: Thread started: 250 TPS Thread Group 1-114
2026-05-25 16:15:43,482 INFO o.a.j.t.JMeterThread: Thread started: 250 TPS Thread Group 1-115
2026-05-25 16:15:43,486 INFO o.a.j.t.JMeterThread: Thread started: 250 TPS Thread Group 1-116
2026-05-25 16:15:43,490 INFO o.a.j.t.JMeterThread: Thread started: 250 TPS Thread Group 1-117
2026-05-25 16:15:43,495 INFO o.a.j.t.JMeterThread: Thread started: 250 TPS Thread Group 1-118
2026-05-25 16:15:43,499 INFO o.a.j.t.JMeterThread: Thread started: 250 TPS Thread Group 1-119
2026-05-25 16:15:43,502 INFO o.a.j.t.JMeterThread: Thread started: 250 TPS Thread Group 1-120
2026-05-25 16:15:43,507 INFO o.a.j.t.JMeterThread: Thread started: 250 TPS Thread Group 1-121
2026-05-25 16:15:43,515 INFO o.a.j.t.JMeterThread: Thread started: 250 TPS Thread Group 1-122
2026-05-25 16:15:43,517 INFO o.a.j.t.JMeterThread: Thread started: 250 TPS Thread Group 1-123
2026-05-25 16:15:43,521 INFO o.a.j.t.JMeterThread: Thread started: 250 TPS Thread Group 1-124
2026-05-25 16:15:43,525 INFO o.a.j.t.JMeterThread: Thread started: 250 TPS Thread Group 1-125
2026-05-25 16:15:43,529 INFO o.a.j.t.JMeterThread: Thread started: 250 TPS Thread Group 1-126
2026-05-25 16:15:43,531 INFO o.a.j.t.JMeterThread: Thread started: 250 TPS Thread Group 1-127
2026-05-25 16:15:43,535 INFO o.a.j.t.JMeterThread: Thread started: 250 TPS Thread Group 1-128
2026-05-25 16:15:43,540 INFO o.a.j.t.JMeterThread: Thread started: 250 TPS Thread Group 1-129
2026-05-25 16:15:43,546 INFO o.a.j.t.JMeterThread: Thread started: 250 TPS Thread Group 1-130
2026-05-25 16:15:43,547 INFO o.a.j.t.JMeterThread: Thread started: 250 TPS Thread Group 1-131
2026-05-25 16:15:43,556 INFO o.a.j.t.JMeterThread: Thread started: 250 TPS Thread Group 1-133
2026-05-25 16:15:43,557 INFO o.a.j.t.JMeterThread: Thread started: 250 TPS Thread Group 1-132
2026-05-25 16:15:43,561 INFO o.a.j.t.JMeterThread: Thread started: 250 TPS Thread Group 1-134
2026-05-25 16:15:43,564 INFO o.a.j.t.JMeterThread: Thread started: 250 TPS Thread Group 1-135
2026-05-25 16:15:43,568 INFO o.a.j.t.JMeterThread: Thread started: 250 TPS Thread Group 1-136
2026-05-25 16:15:43,573 INFO o.a.j.t.JMeterThread: Thread started: 250 TPS Thread Group 1-137
2026-05-25 16:15:43,574 INFO o.a.j.t.JMeterThread: Thread started: 250 TPS Thread Group 1-138
2026-05-25 16:15:43,582 INFO o.a.j.t.JMeterThread: Thread started: 250 TPS Thread Group 1-139
2026-05-25 16:15:43,582 INFO o.a.j.t.JMeterThread: Thread started: 250 TPS Thread Group 1-140
2026-05-25 16:15:43,588 INFO o.a.j.t.JMeterThread: Thread started: 250 TPS Thread Group 1-141
2026-05-25 16:15:43,590 INFO o.a.j.t.JMeterThread: Thread started: 250 TPS Thread Group 1-142
2026-05-25 16:15:43,594 INFO o.a.j.t.JMeterThread: Thread started: 250 TPS Thread Group 1-143
2026-05-25 16:15:43,600 INFO o.a.j.t.JMeterThread: Thread started: 250 TPS Thread Group 1-144
2026-05-25 16:15:43,605 INFO o.a.j.t.JMeterThread: Thread started: 250 TPS Thread Group 1-145
2026-05-25 16:15:43,606 INFO o.a.j.t.JMeterThread: Thread started: 250 TPS Thread Group 1-146
2026-05-25 16:15:43,610 INFO o.a.j.t.JMeterThread: Thread started: 250 TPS Thread Group 1-147
2026-05-25 16:15:43,614 INFO o.a.j.t.JMeterThread: Thread started: 250 TPS Thread Group 1-148
2026-05-25 16:15:43,624 INFO o.a.j.t.JMeterThread: Thread started: 250 TPS Thread Group 1-149
2026-05-25 16:15:43,626 INFO o.a.j.t.JMeterThread: Thread started: 250 TPS Thread Group 1-151
2026-05-25 16:15:43,628 INFO o.a.j.t.JMeterThread: Thread started: 250 TPS Thread Group 1-150
2026-05-25 16:15:43,632 INFO o.a.j.t.JMeterThread: Thread started: 250 TPS Thread Group 1-152
2026-05-25 16:15:43,636 INFO o.a.j.t.JMeterThread: Thread started: 250 TPS Thread Group 1-153
2026-05-25 16:15:43,638 INFO o.a.j.t.JMeterThread: Thread started: 250 TPS Thread Group 1-154
2026-05-25 16:15:43,642 INFO o.a.j.t.JMeterThread: Thread started: 250 TPS Thread Group 1-155
2026-05-25 16:15:43,646 INFO o.a.j.t.JMeterThread: Thread started: 250 TPS Thread Group 1-156
2026-05-25 16:15:43,651 INFO o.a.j.t.JMeterThread: Thread started: 250 TPS Thread Group 1-157
2026-05-25 16:15:43,654 INFO o.a.j.t.JMeterThread: Thread started: 250 TPS Thread Group 1-158
2026-05-25 16:15:43,659 INFO o.a.j.t.JMeterThread: Thread started: 250 TPS Thread Group 1-159
2026-05-25 16:15:43,664 INFO o.a.j.t.JMeterThread: Thread started: 250 TPS Thread Group 1-160
2026-05-25 16:15:43,667 INFO o.a.j.t.JMeterThread: Thread started: 250 TPS Thread Group 1-161
2026-05-25 16:15:43,670 INFO o.a.j.t.JMeterThread: Thread started: 250 TPS Thread Group 1-162
2026-05-25 16:15:43,675 INFO o.a.j.t.JMeterThread: Thread started: 250 TPS Thread Group 1-163
2026-05-25 16:15:43,679 INFO o.a.j.t.JMeterThread: Thread started: 250 TPS Thread Group 1-164
2026-05-25 16:15:43,682 INFO o.a.j.t.JMeterThread: Thread started: 250 TPS Thread Group 1-165
2026-05-25 16:15:43,687 INFO o.a.j.t.JMeterThread: Thread started: 250 TPS Thread Group 1-166
2026-05-25 16:15:43,692 INFO o.a.j.t.JMeterThread: Thread started: 250 TPS Thread Group 1-167
2026-05-25 16:15:43,695 INFO o.a.j.t.JMeterThread: Thread started: 250 TPS Thread Group 1-168
2026-05-25 16:15:43,701 INFO o.a.j.t.JMeterThread: Thread started: 250 TPS Thread Group 1-169
2026-05-25 16:15:43,703 INFO o.a.j.t.JMeterThread: Thread started: 250 TPS Thread Group 1-170
2026-05-25 16:15:43,708 INFO o.a.j.t.JMeterThread: Thread started: 250 TPS Thread Group 1-171
2026-05-25 16:15:43,710 INFO o.a.j.t.JMeterThread: Thread started: 250 TPS Thread Group 1-172
2026-05-25 16:15:43,714 INFO o.a.j.t.JMeterThread: Thread started: 250 TPS Thread Group 1-173
2026-05-25 16:15:43,719 INFO o.a.j.t.JMeterThread: Thread started: 250 TPS Thread Group 1-174
2026-05-25 16:15:43,725 INFO o.a.j.t.JMeterThread: Thread started: 250 TPS Thread Group 1-175
2026-05-25 16:15:43,726 INFO o.a.j.t.JMeterThread: Thread started: 250 TPS Thread Group 1-176
2026-05-25 16:15:43,730 INFO o.a.j.t.JMeterThread: Thread started: 250 TPS Thread Group 1-177
2026-05-25 16:15:43,737 INFO o.a.j.t.JMeterThread: Thread started: 250 TPS Thread Group 1-178
2026-05-25 16:15:43,738 INFO o.a.j.t.JMeterThread: Thread started: 250 TPS Thread Group 1-179
2026-05-25 16:15:43,743 INFO o.a.j.t.JMeterThread: Thread started: 250 TPS Thread Group 1-180
2026-05-25 16:15:43,747 INFO o.a.j.t.JMeterThread: Thread started: 250 TPS Thread Group 1-181
2026-05-25 16:15:43,751 INFO o.a.j.t.JMeterThread: Thread started: 250 TPS Thread Group 1-182
2026-05-25 16:15:43,754 INFO o.a.j.t.JMeterThread: Thread started: 250 TPS Thread Group 1-183
2026-05-25 16:15:43,758 INFO o.a.j.t.JMeterThread: Thread started: 250 TPS Thread Group 1-184
2026-05-25 16:15:43,762 INFO o.a.j.t.JMeterThread: Thread started: 250 TPS Thread Group 1-185
2026-05-25 16:15:43,768 INFO o.a.j.t.JMeterThread: Thread started: 250 TPS Thread Group 1-186
2026-05-25 16:15:43,772 INFO o.a.j.t.JMeterThread: Thread started: 250 TPS Thread Group 1-187
2026-05-25 16:15:43,776 INFO o.a.j.t.JMeterThread: Thread started: 250 TPS Thread Group 1-188
2026-05-25 16:15:43,779 INFO o.a.j.t.JMeterThread: Thread started: 250 TPS Thread Group 1-189
2026-05-25 16:15:43,783 INFO o.a.j.t.JMeterThread: Thread started: 250 TPS Thread Group 1-190
2026-05-25 16:15:43,786 INFO o.a.j.t.JMeterThread: Thread started: 250 TPS Thread Group 1-191
2026-05-25 16:15:43,790 INFO o.a.j.t.JMeterThread: Thread started: 250 TPS Thread Group 1-192
2026-05-25 16:15:43,794 INFO o.a.j.t.JMeterThread: Thread started: 250 TPS Thread Group 1-193
2026-05-25 16:15:43,798 INFO o.a.j.t.JMeterThread: Thread started: 250 TPS Thread Group 1-194
2026-05-25 16:15:43,803 INFO o.a.j.t.JMeterThread: Thread started: 250 TPS Thread Group 1-195
2026-05-25 16:15:43,806 INFO o.a.j.t.JMeterThread: Thread started: 250 TPS Thread Group 1-196
2026-05-25 16:15:43,810 INFO o.a.j.t.JMeterThread: Thread started: 250 TPS Thread Group 1-197
2026-05-25 16:15:43,814 INFO o.a.j.t.JMeterThread: Thread started: 250 TPS Thread Group 1-198
2026-05-25 16:15:43,817 INFO o.a.j.t.JMeterThread: Thread started: 250 TPS Thread Group 1-199
2026-05-25 16:15:43,822 INFO o.a.j.t.JMeterThread: Thread started: 250 TPS Thread Group 1-200
2026-05-25 16:15:43,826 INFO o.a.j.t.JMeterThread: Thread started: 250 TPS Thread Group 1-201
2026-05-25 16:15:43,830 INFO o.a.j.t.JMeterThread: Thread started: 250 TPS Thread Group 1-202
2026-05-25 16:15:43,836 INFO o.a.j.t.JMeterThread: Thread started: 250 TPS Thread Group 1-203
2026-05-25 16:15:43,839 INFO o.a.j.t.JMeterThread: Thread started: 250 TPS Thread Group 1-204
2026-05-25 16:15:43,844 INFO o.a.j.t.JMeterThread: Thread started: 250 TPS Thread Group 1-205
2026-05-25 16:15:43,848 INFO o.a.j.t.JMeterThread: Thread started: 250 TPS Thread Group 1-206
2026-05-25 16:15:43,853 INFO o.a.j.t.JMeterThread: Thread started: 250 TPS Thread Group 1-207
2026-05-25 16:15:43,855 INFO o.a.j.t.JMeterThread: Thread started: 250 TPS Thread Group 1-208
2026-05-25 16:15:43,859 INFO o.a.j.t.JMeterThread: Thread started: 250 TPS Thread Group 1-209
2026-05-25 16:15:43,863 INFO o.a.j.t.JMeterThread: Thread started: 250 TPS Thread Group 1-210
2026-05-25 16:15:43,867 INFO o.a.j.t.JMeterThread: Thread started: 250 TPS Thread Group 1-211
2026-05-25 16:15:43,870 INFO o.a.j.t.JMeterThread: Thread started: 250 TPS Thread Group 1-212
2026-05-25 16:15:43,874 INFO o.a.j.t.JMeterThread: Thread started: 250 TPS Thread Group 1-213
2026-05-25 16:15:43,879 INFO o.a.j.t.JMeterThread: Thread started: 250 TPS Thread Group 1-214
2026-05-25 16:15:43,882 INFO o.a.j.t.JMeterThread: Thread started: 250 TPS Thread Group 1-215
2026-05-25 16:15:43,887 INFO o.a.j.t.JMeterThread: Thread started: 250 TPS Thread Group 1-216
2026-05-25 16:15:43,890 INFO o.a.j.t.JMeterThread: Thread started: 250 TPS Thread Group 1-217
2026-05-25 16:15:43,895 INFO o.a.j.t.JMeterThread: Thread started: 250 TPS Thread Group 1-218
2026-05-25 16:15:43,898 INFO o.a.j.t.JMeterThread: Thread started: 250 TPS Thread Group 1-219
2026-05-25 16:15:43,903 INFO o.a.j.t.JMeterThread: Thread started: 250 TPS Thread Group 1-220
2026-05-25 16:15:43,906 INFO o.a.j.t.JMeterThread: Thread started: 250 TPS Thread Group 1-221
2026-05-25 16:15:43,913 INFO o.a.j.t.JMeterThread: Thread started: 250 TPS Thread Group 1-222
2026-05-25 16:15:43,916 INFO o.a.j.t.JMeterThread: Thread started: 250 TPS Thread Group 1-223
2026-05-25 16:15:43,918 INFO o.a.j.t.JMeterThread: Thread started: 250 TPS Thread Group 1-224
2026-05-25 16:15:43,923 INFO o.a.j.t.JMeterThread: Thread started: 250 TPS Thread Group 1-225
2026-05-25 16:15:43,927 INFO o.a.j.t.JMeterThread: Thread started: 250 TPS Thread Group 1-226
2026-05-25 16:15:43,931 INFO o.a.j.t.JMeterThread: Thread started: 250 TPS Thread Group 1-227
2026-05-25 16:15:43,934 INFO o.a.j.t.JMeterThread: Thread started: 250 TPS Thread Group 1-228
2026-05-25 16:15:43,938 INFO o.a.j.t.JMeterThread: Thread started: 250 TPS Thread Group 1-229
2026-05-25 16:15:43,942 INFO o.a.j.t.JMeterThread: Thread started: 250 TPS Thread Group 1-230
2026-05-25 16:15:43,947 INFO o.a.j.t.JMeterThread: Thread started: 250 TPS Thread Group 1-231
2026-05-25 16:15:43,951 INFO o.a.j.t.JMeterThread: Thread started: 250 TPS Thread Group 1-232
2026-05-25 16:15:43,954 INFO o.a.j.t.JMeterThread: Thread started: 250 TPS Thread Group 1-233
2026-05-25 16:15:43,959 INFO o.a.j.t.JMeterThread: Thread started: 250 TPS Thread Group 1-234
2026-05-25 16:15:43,966 INFO o.a.j.t.JMeterThread: Thread started: 250 TPS Thread Group 1-235
2026-05-25 16:15:43,970 INFO o.a.j.t.JMeterThread: Thread started: 250 TPS Thread Group 1-236
2026-05-25 16:15:43,973 INFO o.a.j.t.JMeterThread: Thread started: 250 TPS Thread Group 1-237
2026-05-25 16:15:43,976 INFO o.a.j.t.JMeterThread: Thread started: 250 TPS Thread Group 1-238
2026-05-25 16:15:43,980 INFO o.a.j.t.JMeterThread: Thread started: 250 TPS Thread Group 1-239
2026-05-25 16:15:43,984 INFO o.a.j.t.JMeterThread: Thread started: 250 TPS Thread Group 1-240
2026-05-25 16:15:43,987 INFO o.a.j.t.JMeterThread: Thread started: 250 TPS Thread Group 1-241
2026-05-25 16:15:43,991 INFO o.a.j.t.JMeterThread: Thread started: 250 TPS Thread Group 1-242
2026-05-25 16:15:43,994 INFO o.a.j.t.JMeterThread: Thread started: 250 TPS Thread Group 1-243
2026-05-25 16:15:43,998 INFO o.a.j.t.JMeterThread: Thread started: 250 TPS Thread Group 1-244
2026-05-25 16:15:44,002 INFO o.a.j.t.JMeterThread: Thread started: 250 TPS Thread Group 1-245
2026-05-25 16:15:44,007 INFO o.a.j.t.JMeterThread: Thread started: 250 TPS Thread Group 1-246
2026-05-25 16:15:44,010 INFO o.a.j.t.JMeterThread: Thread started: 250 TPS Thread Group 1-247
2026-05-25 16:15:44,014 INFO o.a.j.t.JMeterThread: Thread started: 250 TPS Thread Group 1-248
2026-05-25 16:15:44,018 INFO o.a.j.t.JMeterThread: Thread started: 250 TPS Thread Group 1-249
2026-05-25 16:15:44,022 INFO o.a.j.t.JMeterThread: Thread started: 250 TPS Thread Group 1-250
2026-05-25 16:16:00,007 INFO o.a.j.r.Summariser: summary +   3926 in 00:00:17 =  230.8/s Avg:  1001 Min:    31 Max:  4645 Err:     0 (0.00%) Active: 250 Started: 250 Finished: 0
2026-05-25 16:16:30,001 INFO o.a.j.r.Summariser: summary +   8305 in 00:00:30 =  276.9/s Avg:   906 Min:    21 Max:  4625 Err:     0 (0.00%) Active: 250 Started: 250 Finished: 0
2026-05-25 16:16:30,002 INFO o.a.j.r.Summariser: summary =  12231 in 00:00:47 =  260.2/s Avg:   937 Min:    21 Max:  4645 Err:     0 (0.00%)
2026-05-25 16:17:00,001 INFO o.a.j.r.Summariser: summary +   8573 in 00:00:30 =  285.8/s Avg:   873 Min:    22 Max:  5092 Err:     0 (0.00%) Active: 250 Started: 250 Finished: 0
2026-05-25 16:17:00,002 INFO o.a.j.r.Summariser: summary =  20804 in 00:01:17 =  270.1/s Avg:   910 Min:    21 Max:  5092 Err:     0 (0.00%)
2026-05-25 16:17:01,124 INFO o.a.j.t.JMeterThread: Thread is done: 250 TPS Thread Group 1-161
2026-05-25 16:17:01,125 INFO o.a.j.t.JMeterThread: Thread finished: 250 TPS Thread Group 1-161
2026-05-25 16:17:01,662 INFO o.a.j.t.JMeterThread: Thread is done: 250 TPS Thread Group 1-238
2026-05-25 16:17:01,662 INFO o.a.j.t.JMeterThread: Thread finished: 250 TPS Thread Group 1-238
2026-05-25 16:17:02,471 INFO o.a.j.t.JMeterThread: Thread is done: 250 TPS Thread Group 1-126
2026-05-25 16:17:02,471 INFO o.a.j.t.JMeterThread: Thread finished: 250 TPS Thread Group 1-126
2026-05-25 16:17:02,716 INFO o.a.j.t.JMeterThread: Thread is done: 250 TPS Thread Group 1-99
2026-05-25 16:17:02,716 INFO o.a.j.t.JMeterThread: Thread finished: 250 TPS Thread Group 1-99
2026-05-25 16:17:02,898 INFO o.a.j.t.JMeterThread: Thread is done: 250 TPS Thread Group 1-138
2026-05-25 16:17:02,899 INFO o.a.j.t.JMeterThread: Thread finished: 250 TPS Thread Group 1-138
2026-05-25 16:17:03,815 INFO o.a.j.t.JMeterThread: Thread is done: 250 TPS Thread Group 1-72
2026-05-25 16:17:03,815 INFO o.a.j.t.JMeterThread: Thread finished: 250 TPS Thread Group 1-72
2026-05-25 16:17:04,128 INFO o.a.j.t.JMeterThread: Thread is done: 250 TPS Thread Group 1-47
2026-05-25 16:17:04,128 INFO o.a.j.t.JMeterThread: Thread finished: 250 TPS Thread Group 1-47
2026-05-25 16:17:04,196 INFO o.a.j.t.JMeterThread: Thread is done: 250 TPS Thread Group 1-34
2026-05-25 16:17:04,196 INFO o.a.j.t.JMeterThread: Thread finished: 250 TPS Thread Group 1-34
2026-05-25 16:17:04,541 INFO o.a.j.t.JMeterThread: Thread is done: 250 TPS Thread Group 1-245
2026-05-25 16:17:04,542 INFO o.a.j.t.JMeterThread: Thread finished: 250 TPS Thread Group 1-245
2026-05-25 16:17:04,616 INFO o.a.j.t.JMeterThread: Thread is done: 250 TPS Thread Group 1-207
2026-05-25 16:17:04,617 INFO o.a.j.t.JMeterThread: Thread finished: 250 TPS Thread Group 1-207
2026-05-25 16:17:05,265 INFO o.a.j.t.JMeterThread: Thread is done: 250 TPS Thread Group 1-239
2026-05-25 16:17:05,265 INFO o.a.j.t.JMeterThread: Thread finished: 250 TPS Thread Group 1-239
2026-05-25 16:17:05,639 INFO o.a.j.t.JMeterThread: Thread is done: 250 TPS Thread Group 1-175
2026-05-25 16:17:05,639 INFO o.a.j.t.JMeterThread: Thread finished: 250 TPS Thread Group 1-175
2026-05-25 16:17:05,649 INFO o.a.j.t.JMeterThread: Thread is done: 250 TPS Thread Group 1-141
2026-05-25 16:17:05,649 INFO o.a.j.t.JMeterThread: Thread finished: 250 TPS Thread Group 1-141
2026-05-25 16:17:05,732 INFO o.a.j.t.JMeterThread: Thread is done: 250 TPS Thread Group 1-50
2026-05-25 16:17:05,732 INFO o.a.j.t.JMeterThread: Thread finished: 250 TPS Thread Group 1-50
2026-05-25 16:17:05,805 INFO o.a.j.t.JMeterThread: Thread is done: 250 TPS Thread Group 1-98
2026-05-25 16:17:05,805 INFO o.a.j.t.JMeterThread: Thread finished: 250 TPS Thread Group 1-98
2026-05-25 16:17:06,069 INFO o.a.j.t.JMeterThread: Thread is done: 250 TPS Thread Group 1-81
2026-05-25 16:17:06,070 INFO o.a.j.t.JMeterThread: Thread finished: 250 TPS Thread Group 1-81
2026-05-25 16:17:06,078 INFO o.a.j.t.JMeterThread: Thread is done: 250 TPS Thread Group 1-248
2026-05-25 16:17:06,078 INFO o.a.j.t.JMeterThread: Thread finished: 250 TPS Thread Group 1-248
2026-05-25 16:17:06,264 INFO o.a.j.t.JMeterThread: Thread is done: 250 TPS Thread Group 1-165
2026-05-25 16:17:06,264 INFO o.a.j.t.JMeterThread: Thread finished: 250 TPS Thread Group 1-165
2026-05-25 16:17:06,346 INFO o.a.j.t.JMeterThread: Thread is done: 250 TPS Thread Group 1-192
2026-05-25 16:17:06,347 INFO o.a.j.t.JMeterThread: Thread finished: 250 TPS Thread Group 1-192
2026-05-25 16:17:06,467 INFO o.a.j.t.JMeterThread: Thread is done: 250 TPS Thread Group 1-160
2026-05-25 16:17:06,467 INFO o.a.j.t.JMeterThread: Thread finished: 250 TPS Thread Group 1-160
2026-05-25 16:17:06,603 INFO o.a.j.t.JMeterThread: Thread is done: 250 TPS Thread Group 1-150
2026-05-25 16:17:06,604 INFO o.a.j.t.JMeterThread: Thread finished: 250 TPS Thread Group 1-150
2026-05-25 16:17:06,618 INFO o.a.j.t.JMeterThread: Thread is done: 250 TPS Thread Group 1-155
2026-05-25 16:17:06,619 INFO o.a.j.t.JMeterThread: Thread finished: 250 TPS Thread Group 1-155
2026-05-25 16:17:06,836 INFO o.a.j.t.JMeterThread: Thread is done: 250 TPS Thread Group 1-19
2026-05-25 16:17:06,836 INFO o.a.j.t.JMeterThread: Thread finished: 250 TPS Thread Group 1-19
2026-05-25 16:17:06,893 INFO o.a.j.t.JMeterThread: Thread is done: 250 TPS Thread Group 1-197
2026-05-25 16:17:06,893 INFO o.a.j.t.JMeterThread: Thread finished: 250 TPS Thread Group 1-197
2026-05-25 16:17:07,223 INFO o.a.j.t.JMeterThread: Thread is done: 250 TPS Thread Group 1-177
2026-05-25 16:17:07,223 INFO o.a.j.t.JMeterThread: Thread finished: 250 TPS Thread Group 1-177
2026-05-25 16:17:07,255 INFO o.a.j.t.JMeterThread: Thread is done: 250 TPS Thread Group 1-187
2026-05-25 16:17:07,256 INFO o.a.j.t.JMeterThread: Thread finished: 250 TPS Thread Group 1-187
2026-05-25 16:17:07,262 INFO o.a.j.t.JMeterThread: Thread is done: 250 TPS Thread Group 1-56
2026-05-25 16:17:07,263 INFO o.a.j.t.JMeterThread: Thread finished: 250 TPS Thread Group 1-56
2026-05-25 16:17:07,280 INFO o.a.j.t.JMeterThread: Thread is done: 250 TPS Thread Group 1-222
2026-05-25 16:17:07,281 INFO o.a.j.t.JMeterThread: Thread finished: 250 TPS Thread Group 1-222
2026-05-25 16:17:07,534 INFO o.a.j.t.JMeterThread: Thread is done: 250 TPS Thread Group 1-7
2026-05-25 16:17:07,534 INFO o.a.j.t.JMeterThread: Thread finished: 250 TPS Thread Group 1-7
2026-05-25 16:17:07,569 INFO o.a.j.t.JMeterThread: Thread is done: 250 TPS Thread Group 1-1
2026-05-25 16:17:07,569 INFO o.a.j.t.JMeterThread: Thread finished: 250 TPS Thread Group 1-1
2026-05-25 16:17:07,607 INFO o.a.j.t.JMeterThread: Thread is done: 250 TPS Thread Group 1-174
2026-05-25 16:17:07,608 INFO o.a.j.t.JMeterThread: Thread finished: 250 TPS Thread Group 1-174
2026-05-25 16:17:07,612 INFO o.a.j.t.JMeterThread: Thread is done: 250 TPS Thread Group 1-153
2026-05-25 16:17:07,612 INFO o.a.j.t.JMeterThread: Thread finished: 250 TPS Thread Group 1-153
2026-05-25 16:17:07,698 INFO o.a.j.t.JMeterThread: Thread is done: 250 TPS Thread Group 1-208
2026-05-25 16:17:07,698 INFO o.a.j.t.JMeterThread: Thread finished: 250 TPS Thread Group 1-208
2026-05-25 16:17:07,727 INFO o.a.j.t.JMeterThread: Thread is done: 250 TPS Thread Group 1-176
2026-05-25 16:17:07,727 INFO o.a.j.t.JMeterThread: Thread finished: 250 TPS Thread Group 1-176
2026-05-25 16:17:07,895 INFO o.a.j.t.JMeterThread: Thread is done: 250 TPS Thread Group 1-224
2026-05-25 16:17:07,895 INFO o.a.j.t.JMeterThread: Thread finished: 250 TPS Thread Group 1-224
2026-05-25 16:17:07,939 INFO o.a.j.t.JMeterThread: Thread is done: 250 TPS Thread Group 1-180
2026-05-25 16:17:07,939 INFO o.a.j.t.JMeterThread: Thread finished: 250 TPS Thread Group 1-180
2026-05-25 16:17:08,109 INFO o.a.j.t.JMeterThread: Thread is done: 250 TPS Thread Group 1-190
2026-05-25 16:17:08,109 INFO o.a.j.t.JMeterThread: Thread finished: 250 TPS Thread Group 1-190
2026-05-25 16:17:08,182 INFO o.a.j.t.JMeterThread: Thread is done: 250 TPS Thread Group 1-143
2026-05-25 16:17:08,182 INFO o.a.j.t.JMeterThread: Thread finished: 250 TPS Thread Group 1-143
2026-05-25 16:17:08,296 INFO o.a.j.t.JMeterThread: Thread is done: 250 TPS Thread Group 1-158
2026-05-25 16:17:08,297 INFO o.a.j.t.JMeterThread: Thread finished: 250 TPS Thread Group 1-158
2026-05-25 16:17:08,613 INFO o.a.j.t.JMeterThread: Thread is done: 250 TPS Thread Group 1-102
2026-05-25 16:17:08,613 INFO o.a.j.t.JMeterThread: Thread finished: 250 TPS Thread Group 1-102
2026-05-25 16:17:08,645 INFO o.a.j.t.JMeterThread: Thread is done: 250 TPS Thread Group 1-171
2026-05-25 16:17:08,645 INFO o.a.j.t.JMeterThread: Thread finished: 250 TPS Thread Group 1-171
2026-05-25 16:17:08,710 INFO o.a.j.t.JMeterThread: Thread is done: 250 TPS Thread Group 1-15
2026-05-25 16:17:08,711 INFO o.a.j.t.JMeterThread: Thread finished: 250 TPS Thread Group 1-15
2026-05-25 16:17:08,880 INFO o.a.j.t.JMeterThread: Thread is done: 250 TPS Thread Group 1-49
2026-05-25 16:17:08,881 INFO o.a.j.t.JMeterThread: Thread finished: 250 TPS Thread Group 1-49
2026-05-25 16:17:08,895 INFO o.a.j.t.JMeterThread: Thread is done: 250 TPS Thread Group 1-58
2026-05-25 16:17:08,895 INFO o.a.j.t.JMeterThread: Thread finished: 250 TPS Thread Group 1-58
2026-05-25 16:17:09,048 INFO o.a.j.t.JMeterThread: Thread is done: 250 TPS Thread Group 1-64
2026-05-25 16:17:09,049 INFO o.a.j.t.JMeterThread: Thread finished: 250 TPS Thread Group 1-64
2026-05-25 16:17:09,070 INFO o.a.j.t.JMeterThread: Thread is done: 250 TPS Thread Group 1-95
2026-05-25 16:17:09,070 INFO o.a.j.t.JMeterThread: Thread finished: 250 TPS Thread Group 1-95
2026-05-25 16:17:09,159 INFO o.a.j.t.JMeterThread: Thread is done: 250 TPS Thread Group 1-114
2026-05-25 16:17:09,159 INFO o.a.j.t.JMeterThread: Thread finished: 250 TPS Thread Group 1-114
2026-05-25 16:17:09,194 INFO o.a.j.t.JMeterThread: Thread is done: 250 TPS Thread Group 1-241
2026-05-25 16:17:09,194 INFO o.a.j.t.JMeterThread: Thread finished: 250 TPS Thread Group 1-241
2026-05-25 16:17:09,368 INFO o.a.j.t.JMeterThread: Thread is done: 250 TPS Thread Group 1-181
2026-05-25 16:17:09,368 INFO o.a.j.t.JMeterThread: Thread finished: 250 TPS Thread Group 1-181
2026-05-25 16:17:09,466 INFO o.a.j.t.JMeterThread: Thread is done: 250 TPS Thread Group 1-28
2026-05-25 16:17:09,466 INFO o.a.j.t.JMeterThread: Thread finished: 250 TPS Thread Group 1-28
2026-05-25 16:17:09,581 INFO o.a.j.t.JMeterThread: Thread is done: 250 TPS Thread Group 1-110
2026-05-25 16:17:09,581 INFO o.a.j.t.JMeterThread: Thread finished: 250 TPS Thread Group 1-110
2026-05-25 16:17:09,676 INFO o.a.j.t.JMeterThread: Thread is done: 250 TPS Thread Group 1-17
2026-05-25 16:17:09,676 INFO o.a.j.t.JMeterThread: Thread finished: 250 TPS Thread Group 1-17
2026-05-25 16:17:09,685 INFO o.a.j.t.JMeterThread: Thread is done: 250 TPS Thread Group 1-122
2026-05-25 16:17:09,685 INFO o.a.j.t.JMeterThread: Thread finished: 250 TPS Thread Group 1-122
2026-05-25 16:17:09,796 INFO o.a.j.t.JMeterThread: Thread is done: 250 TPS Thread Group 1-59
2026-05-25 16:17:09,797 INFO o.a.j.t.JMeterThread: Thread finished: 250 TPS Thread Group 1-59
2026-05-25 16:17:09,814 INFO o.a.j.t.JMeterThread: Thread is done: 250 TPS Thread Group 1-232
2026-05-25 16:17:09,814 INFO o.a.j.t.JMeterThread: Thread finished: 250 TPS Thread Group 1-232
2026-05-25 16:17:09,814 INFO o.a.j.t.JMeterThread: Thread is done: 250 TPS Thread Group 1-53
2026-05-25 16:17:09,814 INFO o.a.j.t.JMeterThread: Thread finished: 250 TPS Thread Group 1-53
2026-05-25 16:17:09,835 INFO o.a.j.t.JMeterThread: Thread is done: 250 TPS Thread Group 1-217
2026-05-25 16:17:09,836 INFO o.a.j.t.JMeterThread: Thread finished: 250 TPS Thread Group 1-217
2026-05-25 16:17:09,869 INFO o.a.j.t.JMeterThread: Thread is done: 250 TPS Thread Group 1-195
2026-05-25 16:17:09,870 INFO o.a.j.t.JMeterThread: Thread finished: 250 TPS Thread Group 1-195
2026-05-25 16:17:09,938 INFO o.a.j.t.JMeterThread: Thread is done: 250 TPS Thread Group 1-209
2026-05-25 16:17:09,938 INFO o.a.j.t.JMeterThread: Thread finished: 250 TPS Thread Group 1-209
2026-05-25 16:17:09,998 INFO o.a.j.t.JMeterThread: Thread is done: 250 TPS Thread Group 1-240
2026-05-25 16:17:09,998 INFO o.a.j.t.JMeterThread: Thread finished: 250 TPS Thread Group 1-240
2026-05-25 16:17:10,023 INFO o.a.j.t.JMeterThread: Thread is done: 250 TPS Thread Group 1-202
2026-05-25 16:17:10,023 INFO o.a.j.t.JMeterThread: Thread finished: 250 TPS Thread Group 1-202
2026-05-25 16:17:10,028 INFO o.a.j.t.JMeterThread: Thread is done: 250 TPS Thread Group 1-89
2026-05-25 16:17:10,028 INFO o.a.j.t.JMeterThread: Thread finished: 250 TPS Thread Group 1-89
2026-05-25 16:17:10,052 INFO o.a.j.t.JMeterThread: Thread is done: 250 TPS Thread Group 1-111
2026-05-25 16:17:10,052 INFO o.a.j.t.JMeterThread: Thread finished: 250 TPS Thread Group 1-111
2026-05-25 16:17:10,157 INFO o.a.j.t.JMeterThread: Thread is done: 250 TPS Thread Group 1-69
2026-05-25 16:17:10,158 INFO o.a.j.t.JMeterThread: Thread finished: 250 TPS Thread Group 1-69
2026-05-25 16:17:10,186 INFO o.a.j.t.JMeterThread: Thread is done: 250 TPS Thread Group 1-118
2026-05-25 16:17:10,186 INFO o.a.j.t.JMeterThread: Thread finished: 250 TPS Thread Group 1-118
2026-05-25 16:17:10,240 INFO o.a.j.t.JMeterThread: Thread is done: 250 TPS Thread Group 1-117
2026-05-25 16:17:10,240 INFO o.a.j.t.JMeterThread: Thread finished: 250 TPS Thread Group 1-117
2026-05-25 16:17:10,293 INFO o.a.j.t.JMeterThread: Thread is done: 250 TPS Thread Group 1-73
2026-05-25 16:17:10,293 INFO o.a.j.t.JMeterThread: Thread finished: 250 TPS Thread Group 1-73
2026-05-25 16:17:10,339 INFO o.a.j.t.JMeterThread: Thread is done: 250 TPS Thread Group 1-159
2026-05-25 16:17:10,339 INFO o.a.j.t.JMeterThread: Thread finished: 250 TPS Thread Group 1-159
2026-05-25 16:17:10,379 INFO o.a.j.t.JMeterThread: Thread is done: 250 TPS Thread Group 1-83
2026-05-25 16:17:10,380 INFO o.a.j.t.JMeterThread: Thread finished: 250 TPS Thread Group 1-83
2026-05-25 16:17:10,450 INFO o.a.j.t.JMeterThread: Thread is done: 250 TPS Thread Group 1-146
2026-05-25 16:17:10,450 INFO o.a.j.t.JMeterThread: Thread finished: 250 TPS Thread Group 1-146
2026-05-25 16:17:10,480 INFO o.a.j.t.JMeterThread: Thread is done: 250 TPS Thread Group 1-203
2026-05-25 16:17:10,481 INFO o.a.j.t.JMeterThread: Thread finished: 250 TPS Thread Group 1-203
2026-05-25 16:17:10,494 INFO o.a.j.t.JMeterThread: Thread is done: 250 TPS Thread Group 1-172
2026-05-25 16:17:10,494 INFO o.a.j.t.JMeterThread: Thread finished: 250 TPS Thread Group 1-172
2026-05-25 16:17:10,546 INFO o.a.j.t.JMeterThread: Thread is done: 250 TPS Thread Group 1-140
2026-05-25 16:17:10,550 INFO o.a.j.t.JMeterThread: Thread finished: 250 TPS Thread Group 1-140
2026-05-25 16:17:10,551 INFO o.a.j.t.JMeterThread: Thread is done: 250 TPS Thread Group 1-206
2026-05-25 16:17:10,551 INFO o.a.j.t.JMeterThread: Thread finished: 250 TPS Thread Group 1-206
2026-05-25 16:17:10,597 INFO o.a.j.t.JMeterThread: Thread is done: 250 TPS Thread Group 1-21
2026-05-25 16:17:10,598 INFO o.a.j.t.JMeterThread: Thread finished: 250 TPS Thread Group 1-21
2026-05-25 16:17:10,653 INFO o.a.j.t.JMeterThread: Thread is done: 250 TPS Thread Group 1-211
2026-05-25 16:17:10,654 INFO o.a.j.t.JMeterThread: Thread finished: 250 TPS Thread Group 1-211
2026-05-25 16:17:10,710 INFO o.a.j.t.JMeterThread: Thread is done: 250 TPS Thread Group 1-145
2026-05-25 16:17:10,710 INFO o.a.j.t.JMeterThread: Thread finished: 250 TPS Thread Group 1-145
2026-05-25 16:17:10,783 INFO o.a.j.t.JMeterThread: Thread is done: 250 TPS Thread Group 1-139
2026-05-25 16:17:10,783 INFO o.a.j.t.JMeterThread: Thread finished: 250 TPS Thread Group 1-139
2026-05-25 16:17:10,787 INFO o.a.j.t.JMeterThread: Thread is done: 250 TPS Thread Group 1-57
2026-05-25 16:17:10,787 INFO o.a.j.t.JMeterThread: Thread finished: 250 TPS Thread Group 1-57
2026-05-25 16:17:10,801 INFO o.a.j.t.JMeterThread: Thread is done: 250 TPS Thread Group 1-38
2026-05-25 16:17:10,801 INFO o.a.j.t.JMeterThread: Thread finished: 250 TPS Thread Group 1-38
2026-05-25 16:17:10,821 INFO o.a.j.t.JMeterThread: Thread is done: 250 TPS Thread Group 1-46
2026-05-25 16:17:10,822 INFO o.a.j.t.JMeterThread: Thread finished: 250 TPS Thread Group 1-46
2026-05-25 16:17:10,950 INFO o.a.j.t.JMeterThread: Thread is done: 250 TPS Thread Group 1-188
2026-05-25 16:17:10,950 INFO o.a.j.t.JMeterThread: Thread finished: 250 TPS Thread Group 1-188
2026-05-25 16:17:10,988 INFO o.a.j.t.JMeterThread: Thread is done: 250 TPS Thread Group 1-43
2026-05-25 16:17:10,988 INFO o.a.j.t.JMeterThread: Thread finished: 250 TPS Thread Group 1-43
2026-05-25 16:17:11,096 INFO o.a.j.t.JMeterThread: Thread is done: 250 TPS Thread Group 1-221
2026-05-25 16:17:11,096 INFO o.a.j.t.JMeterThread: Thread finished: 250 TPS Thread Group 1-221
2026-05-25 16:17:11,150 INFO o.a.j.t.JMeterThread: Thread is done: 250 TPS Thread Group 1-212
2026-05-25 16:17:11,151 INFO o.a.j.t.JMeterThread: Thread finished: 250 TPS Thread Group 1-212
2026-05-25 16:17:11,173 INFO o.a.j.t.JMeterThread: Thread is done: 250 TPS Thread Group 1-48
2026-05-25 16:17:11,173 INFO o.a.j.t.JMeterThread: Thread finished: 250 TPS Thread Group 1-48
2026-05-25 16:17:11,238 INFO o.a.j.t.JMeterThread: Thread is done: 250 TPS Thread Group 1-234
2026-05-25 16:17:11,239 INFO o.a.j.t.JMeterThread: Thread finished: 250 TPS Thread Group 1-234
2026-05-25 16:17:11,250 INFO o.a.j.t.JMeterThread: Thread is done: 250 TPS Thread Group 1-96
2026-05-25 16:17:11,250 INFO o.a.j.t.JMeterThread: Thread finished: 250 TPS Thread Group 1-96
2026-05-25 16:17:11,267 INFO o.a.j.t.JMeterThread: Thread is done: 250 TPS Thread Group 1-156
2026-05-25 16:17:11,267 INFO o.a.j.t.JMeterThread: Thread finished: 250 TPS Thread Group 1-156
2026-05-25 16:17:11,282 INFO o.a.j.t.JMeterThread: Thread is done: 250 TPS Thread Group 1-244
2026-05-25 16:17:11,283 INFO o.a.j.t.JMeterThread: Thread finished: 250 TPS Thread Group 1-244
2026-05-25 16:17:11,361 INFO o.a.j.t.JMeterThread: Thread is done: 250 TPS Thread Group 1-113
2026-05-25 16:17:11,362 INFO o.a.j.t.JMeterThread: Thread finished: 250 TPS Thread Group 1-113
2026-05-25 16:17:11,385 INFO o.a.j.t.JMeterThread: Thread is done: 250 TPS Thread Group 1-14
2026-05-25 16:17:11,386 INFO o.a.j.t.JMeterThread: Thread finished: 250 TPS Thread Group 1-14
2026-05-25 16:17:11,421 INFO o.a.j.t.JMeterThread: Thread is done: 250 TPS Thread Group 1-87
2026-05-25 16:17:11,421 INFO o.a.j.t.JMeterThread: Thread finished: 250 TPS Thread Group 1-87
2026-05-25 16:17:11,425 INFO o.a.j.t.JMeterThread: Thread is done: 250 TPS Thread Group 1-8
2026-05-25 16:17:11,425 INFO o.a.j.t.JMeterThread: Thread finished: 250 TPS Thread Group 1-8
2026-05-25 16:17:11,450 INFO o.a.j.t.JMeterThread: Thread is done: 250 TPS Thread Group 1-236
2026-05-25 16:17:11,450 INFO o.a.j.t.JMeterThread: Thread finished: 250 TPS Thread Group 1-236
2026-05-25 16:17:11,467 INFO o.a.j.t.JMeterThread: Thread is done: 250 TPS Thread Group 1-36
2026-05-25 16:17:11,467 INFO o.a.j.t.JMeterThread: Thread finished: 250 TPS Thread Group 1-36
2026-05-25 16:17:11,481 INFO o.a.j.t.JMeterThread: Thread is done: 250 TPS Thread Group 1-24
2026-05-25 16:17:11,481 INFO o.a.j.t.JMeterThread: Thread finished: 250 TPS Thread Group 1-24
2026-05-25 16:17:11,502 INFO o.a.j.t.JMeterThread: Thread is done: 250 TPS Thread Group 1-20
2026-05-25 16:17:11,502 INFO o.a.j.t.JMeterThread: Thread finished: 250 TPS Thread Group 1-20
2026-05-25 16:17:11,542 INFO o.a.j.t.JMeterThread: Thread is done: 250 TPS Thread Group 1-42
2026-05-25 16:17:11,542 INFO o.a.j.t.JMeterThread: Thread finished: 250 TPS Thread Group 1-42
2026-05-25 16:17:11,627 INFO o.a.j.t.JMeterThread: Thread is done: 250 TPS Thread Group 1-226
2026-05-25 16:17:11,627 INFO o.a.j.t.JMeterThread: Thread finished: 250 TPS Thread Group 1-226
2026-05-25 16:17:11,640 INFO o.a.j.t.JMeterThread: Thread is done: 250 TPS Thread Group 1-82
2026-05-25 16:17:11,640 INFO o.a.j.t.JMeterThread: Thread finished: 250 TPS Thread Group 1-82
2026-05-25 16:17:11,670 INFO o.a.j.t.JMeterThread: Thread is done: 250 TPS Thread Group 1-9
2026-05-25 16:17:11,670 INFO o.a.j.t.JMeterThread: Thread finished: 250 TPS Thread Group 1-9
2026-05-25 16:17:11,674 INFO o.a.j.t.JMeterThread: Thread is done: 250 TPS Thread Group 1-22
2026-05-25 16:17:11,675 INFO o.a.j.t.JMeterThread: Thread finished: 250 TPS Thread Group 1-22
2026-05-25 16:17:11,690 INFO o.a.j.t.JMeterThread: Thread is done: 250 TPS Thread Group 1-120
2026-05-25 16:17:11,690 INFO o.a.j.t.JMeterThread: Thread finished: 250 TPS Thread Group 1-120
2026-05-25 16:17:11,717 INFO o.a.j.t.JMeterThread: Thread is done: 250 TPS Thread Group 1-182
2026-05-25 16:17:11,717 INFO o.a.j.t.JMeterThread: Thread finished: 250 TPS Thread Group 1-182
2026-05-25 16:17:11,749 INFO o.a.j.t.JMeterThread: Thread is done: 250 TPS Thread Group 1-127
2026-05-25 16:17:11,750 INFO o.a.j.t.JMeterThread: Thread finished: 250 TPS Thread Group 1-127
2026-05-25 16:17:11,855 INFO o.a.j.t.JMeterThread: Thread is done: 250 TPS Thread Group 1-27
2026-05-25 16:17:11,855 INFO o.a.j.t.JMeterThread: Thread finished: 250 TPS Thread Group 1-27
2026-05-25 16:17:11,865 INFO o.a.j.t.JMeterThread: Thread is done: 250 TPS Thread Group 1-183
2026-05-25 16:17:11,865 INFO o.a.j.t.JMeterThread: Thread finished: 250 TPS Thread Group 1-183
2026-05-25 16:17:11,876 INFO o.a.j.t.JMeterThread: Thread is done: 250 TPS Thread Group 1-167
2026-05-25 16:17:11,876 INFO o.a.j.t.JMeterThread: Thread finished: 250 TPS Thread Group 1-167
2026-05-25 16:17:11,881 INFO o.a.j.t.JMeterThread: Thread is done: 250 TPS Thread Group 1-129
2026-05-25 16:17:11,881 INFO o.a.j.t.JMeterThread: Thread finished: 250 TPS Thread Group 1-129
2026-05-25 16:17:11,889 INFO o.a.j.t.JMeterThread: Thread is done: 250 TPS Thread Group 1-178
2026-05-25 16:17:11,889 INFO o.a.j.t.JMeterThread: Thread finished: 250 TPS Thread Group 1-178
2026-05-25 16:17:11,953 INFO o.a.j.t.JMeterThread: Thread is done: 250 TPS Thread Group 1-30
2026-05-25 16:17:11,953 INFO o.a.j.t.JMeterThread: Thread finished: 250 TPS Thread Group 1-30
2026-05-25 16:17:11,985 INFO o.a.j.t.JMeterThread: Thread is done: 250 TPS Thread Group 1-125
2026-05-25 16:17:11,985 INFO o.a.j.t.JMeterThread: Thread finished: 250 TPS Thread Group 1-125
2026-05-25 16:17:11,993 INFO o.a.j.t.JMeterThread: Thread is done: 250 TPS Thread Group 1-13
2026-05-25 16:17:11,993 INFO o.a.j.t.JMeterThread: Thread finished: 250 TPS Thread Group 1-13
2026-05-25 16:17:11,997 INFO o.a.j.t.JMeterThread: Thread is done: 250 TPS Thread Group 1-215
2026-05-25 16:17:11,998 INFO o.a.j.t.JMeterThread: Thread finished: 250 TPS Thread Group 1-215
2026-05-25 16:17:12,016 INFO o.a.j.t.JMeterThread: Thread is done: 250 TPS Thread Group 1-68
2026-05-25 16:17:12,016 INFO o.a.j.t.JMeterThread: Thread finished: 250 TPS Thread Group 1-68
2026-05-25 16:17:12,042 INFO o.a.j.t.JMeterThread: Thread is done: 250 TPS Thread Group 1-201
2026-05-25 16:17:12,042 INFO o.a.j.t.JMeterThread: Thread finished: 250 TPS Thread Group 1-201
2026-05-25 16:17:12,055 INFO o.a.j.t.JMeterThread: Thread is done: 250 TPS Thread Group 1-61
2026-05-25 16:17:12,055 INFO o.a.j.t.JMeterThread: Thread finished: 250 TPS Thread Group 1-61
2026-05-25 16:17:12,099 INFO o.a.j.t.JMeterThread: Thread is done: 250 TPS Thread Group 1-148
2026-05-25 16:17:12,100 INFO o.a.j.t.JMeterThread: Thread finished: 250 TPS Thread Group 1-148
2026-05-25 16:17:12,121 INFO o.a.j.t.JMeterThread: Thread is done: 250 TPS Thread Group 1-63
2026-05-25 16:17:12,121 INFO o.a.j.t.JMeterThread: Thread finished: 250 TPS Thread Group 1-63
2026-05-25 16:17:12,150 INFO o.a.j.t.JMeterThread: Thread is done: 250 TPS Thread Group 1-166
2026-05-25 16:17:12,150 INFO o.a.j.t.JMeterThread: Thread finished: 250 TPS Thread Group 1-166
2026-05-25 16:17:12,157 INFO o.a.j.t.JMeterThread: Thread is done: 250 TPS Thread Group 1-74
2026-05-25 16:17:12,157 INFO o.a.j.t.JMeterThread: Thread finished: 250 TPS Thread Group 1-74
2026-05-25 16:17:12,161 INFO o.a.j.t.JMeterThread: Thread is done: 250 TPS Thread Group 1-100
2026-05-25 16:17:12,161 INFO o.a.j.t.JMeterThread: Thread finished: 250 TPS Thread Group 1-100
2026-05-25 16:17:12,175 INFO o.a.j.t.JMeterThread: Thread is done: 250 TPS Thread Group 1-44
2026-05-25 16:17:12,175 INFO o.a.j.t.JMeterThread: Thread finished: 250 TPS Thread Group 1-44
2026-05-25 16:17:12,180 INFO o.a.j.t.JMeterThread: Thread is done: 250 TPS Thread Group 1-173
2026-05-25 16:17:12,180 INFO o.a.j.t.JMeterThread: Thread finished: 250 TPS Thread Group 1-173
2026-05-25 16:17:12,278 INFO o.a.j.t.JMeterThread: Thread is done: 250 TPS Thread Group 1-132
2026-05-25 16:17:12,278 INFO o.a.j.t.JMeterThread: Thread finished: 250 TPS Thread Group 1-132
2026-05-25 16:17:12,282 INFO o.a.j.t.JMeterThread: Thread is done: 250 TPS Thread Group 1-131
2026-05-25 16:17:12,282 INFO o.a.j.t.JMeterThread: Thread finished: 250 TPS Thread Group 1-131
2026-05-25 16:17:12,390 INFO o.a.j.t.JMeterThread: Thread is done: 250 TPS Thread Group 1-136
2026-05-25 16:17:12,391 INFO o.a.j.t.JMeterThread: Thread finished: 250 TPS Thread Group 1-136
2026-05-25 16:17:12,397 INFO o.a.j.t.JMeterThread: Thread is done: 250 TPS Thread Group 1-200
2026-05-25 16:17:12,397 INFO o.a.j.t.JMeterThread: Thread finished: 250 TPS Thread Group 1-200
2026-05-25 16:17:12,426 INFO o.a.j.t.JMeterThread: Thread is done: 250 TPS Thread Group 1-124
2026-05-25 16:17:12,427 INFO o.a.j.t.JMeterThread: Thread finished: 250 TPS Thread Group 1-124
2026-05-25 16:17:12,428 INFO o.a.j.t.JMeterThread: Thread is done: 250 TPS Thread Group 1-233
2026-05-25 16:17:12,429 INFO o.a.j.t.JMeterThread: Thread finished: 250 TPS Thread Group 1-233
2026-05-25 16:17:12,434 INFO o.a.j.t.JMeterThread: Thread is done: 250 TPS Thread Group 1-230
2026-05-25 16:17:12,434 INFO o.a.j.t.JMeterThread: Thread finished: 250 TPS Thread Group 1-230
2026-05-25 16:17:12,455 INFO o.a.j.t.JMeterThread: Thread is done: 250 TPS Thread Group 1-250
2026-05-25 16:17:12,456 INFO o.a.j.t.JMeterThread: Thread finished: 250 TPS Thread Group 1-250
2026-05-25 16:17:12,464 INFO o.a.j.t.JMeterThread: Thread is done: 250 TPS Thread Group 1-235
2026-05-25 16:17:12,464 INFO o.a.j.t.JMeterThread: Thread finished: 250 TPS Thread Group 1-235
2026-05-25 16:17:12,529 INFO o.a.j.t.JMeterThread: Thread is done: 250 TPS Thread Group 1-163
2026-05-25 16:17:12,529 INFO o.a.j.t.JMeterThread: Thread finished: 250 TPS Thread Group 1-163
2026-05-25 16:17:12,553 INFO o.a.j.t.JMeterThread: Thread is done: 250 TPS Thread Group 1-193
2026-05-25 16:17:12,553 INFO o.a.j.t.JMeterThread: Thread finished: 250 TPS Thread Group 1-193
2026-05-25 16:17:12,565 INFO o.a.j.t.JMeterThread: Thread is done: 250 TPS Thread Group 1-86
2026-05-25 16:17:12,565 INFO o.a.j.t.JMeterThread: Thread finished: 250 TPS Thread Group 1-86
2026-05-25 16:17:12,607 INFO o.a.j.t.JMeterThread: Thread is done: 250 TPS Thread Group 1-31
2026-05-25 16:17:12,607 INFO o.a.j.t.JMeterThread: Thread finished: 250 TPS Thread Group 1-31
2026-05-25 16:17:12,628 INFO o.a.j.t.JMeterThread: Thread is done: 250 TPS Thread Group 1-51
2026-05-25 16:17:12,628 INFO o.a.j.t.JMeterThread: Thread finished: 250 TPS Thread Group 1-51
2026-05-25 16:17:12,636 INFO o.a.j.t.JMeterThread: Thread is done: 250 TPS Thread Group 1-119
2026-05-25 16:17:12,636 INFO o.a.j.t.JMeterThread: Thread finished: 250 TPS Thread Group 1-119
2026-05-25 16:17:12,667 INFO o.a.j.t.JMeterThread: Thread is done: 250 TPS Thread Group 1-35
2026-05-25 16:17:12,667 INFO o.a.j.t.JMeterThread: Thread finished: 250 TPS Thread Group 1-35
2026-05-25 16:17:12,684 INFO o.a.j.t.JMeterThread: Thread is done: 250 TPS Thread Group 1-71
2026-05-25 16:17:12,684 INFO o.a.j.t.JMeterThread: Thread finished: 250 TPS Thread Group 1-71
2026-05-25 16:17:12,692 INFO o.a.j.t.JMeterThread: Thread is done: 250 TPS Thread Group 1-214
2026-05-25 16:17:12,692 INFO o.a.j.t.JMeterThread: Thread finished: 250 TPS Thread Group 1-214
2026-05-25 16:17:12,698 INFO o.a.j.t.JMeterThread: Thread is done: 250 TPS Thread Group 1-149
2026-05-25 16:17:12,699 INFO o.a.j.t.JMeterThread: Thread finished: 250 TPS Thread Group 1-149
2026-05-25 16:17:12,726 INFO o.a.j.t.JMeterThread: Thread is done: 250 TPS Thread Group 1-70
2026-05-25 16:17:12,726 INFO o.a.j.t.JMeterThread: Thread finished: 250 TPS Thread Group 1-70
2026-05-25 16:17:12,741 INFO o.a.j.t.JMeterThread: Thread is done: 250 TPS Thread Group 1-130
2026-05-25 16:17:12,741 INFO o.a.j.t.JMeterThread: Thread finished: 250 TPS Thread Group 1-130
2026-05-25 16:17:12,742 INFO o.a.j.t.JMeterThread: Thread is done: 250 TPS Thread Group 1-3
2026-05-25 16:17:12,742 INFO o.a.j.t.JMeterThread: Thread finished: 250 TPS Thread Group 1-3
2026-05-25 16:17:12,746 INFO o.a.j.t.JMeterThread: Thread is done: 250 TPS Thread Group 1-185
2026-05-25 16:17:12,746 INFO o.a.j.t.JMeterThread: Thread finished: 250 TPS Thread Group 1-185
2026-05-25 16:17:12,771 INFO o.a.j.t.JMeterThread: Thread is done: 250 TPS Thread Group 1-237
2026-05-25 16:17:12,771 INFO o.a.j.t.JMeterThread: Thread finished: 250 TPS Thread Group 1-237
2026-05-25 16:17:12,778 INFO o.a.j.t.JMeterThread: Thread is done: 250 TPS Thread Group 1-80
2026-05-25 16:17:12,778 INFO o.a.j.t.JMeterThread: Thread finished: 250 TPS Thread Group 1-80
2026-05-25 16:17:12,804 INFO o.a.j.t.JMeterThread: Thread is done: 250 TPS Thread Group 1-151
2026-05-25 16:17:12,804 INFO o.a.j.t.JMeterThread: Thread finished: 250 TPS Thread Group 1-151
2026-05-25 16:17:12,827 INFO o.a.j.t.JMeterThread: Thread is done: 250 TPS Thread Group 1-115
2026-05-25 16:17:12,827 INFO o.a.j.t.JMeterThread: Thread finished: 250 TPS Thread Group 1-115
2026-05-25 16:17:12,836 INFO o.a.j.t.JMeterThread: Thread is done: 250 TPS Thread Group 1-243
2026-05-25 16:17:12,837 INFO o.a.j.t.JMeterThread: Thread finished: 250 TPS Thread Group 1-243
2026-05-25 16:17:12,838 INFO o.a.j.t.JMeterThread: Thread is done: 250 TPS Thread Group 1-108
2026-05-25 16:17:12,838 INFO o.a.j.t.JMeterThread: Thread finished: 250 TPS Thread Group 1-108
2026-05-25 16:17:12,856 INFO o.a.j.t.JMeterThread: Thread is done: 250 TPS Thread Group 1-41
2026-05-25 16:17:12,856 INFO o.a.j.t.JMeterThread: Thread finished: 250 TPS Thread Group 1-41
2026-05-25 16:17:12,861 INFO o.a.j.t.JMeterThread: Thread is done: 250 TPS Thread Group 1-134
2026-05-25 16:17:12,861 INFO o.a.j.t.JMeterThread: Thread finished: 250 TPS Thread Group 1-134
2026-05-25 16:17:12,863 INFO o.a.j.t.JMeterThread: Thread is done: 250 TPS Thread Group 1-10
2026-05-25 16:17:12,864 INFO o.a.j.t.JMeterThread: Thread finished: 250 TPS Thread Group 1-10
2026-05-25 16:17:12,894 INFO o.a.j.t.JMeterThread: Thread is done: 250 TPS Thread Group 1-104
2026-05-25 16:17:12,895 INFO o.a.j.t.JMeterThread: Thread finished: 250 TPS Thread Group 1-104
2026-05-25 16:17:12,927 INFO o.a.j.t.JMeterThread: Thread is done: 250 TPS Thread Group 1-147
2026-05-25 16:17:12,928 INFO o.a.j.t.JMeterThread: Thread finished: 250 TPS Thread Group 1-147
2026-05-25 16:17:12,942 INFO o.a.j.t.JMeterThread: Thread is done: 250 TPS Thread Group 1-45
2026-05-25 16:17:12,942 INFO o.a.j.t.JMeterThread: Thread finished: 250 TPS Thread Group 1-45
2026-05-25 16:17:12,944 INFO o.a.j.t.JMeterThread: Thread is done: 250 TPS Thread Group 1-194
2026-05-25 16:17:12,944 INFO o.a.j.t.JMeterThread: Thread finished: 250 TPS Thread Group 1-194
2026-05-25 16:17:12,967 INFO o.a.j.t.JMeterThread: Thread is done: 250 TPS Thread Group 1-196
2026-05-25 16:17:12,967 INFO o.a.j.t.JMeterThread: Thread finished: 250 TPS Thread Group 1-196
2026-05-25 16:17:12,969 INFO o.a.j.t.JMeterThread: Thread is done: 250 TPS Thread Group 1-101
2026-05-25 16:17:12,969 INFO o.a.j.t.JMeterThread: Thread finished: 250 TPS Thread Group 1-101
2026-05-25 16:17:12,971 INFO o.a.j.t.JMeterThread: Thread is done: 250 TPS Thread Group 1-220
2026-05-25 16:17:12,971 INFO o.a.j.t.JMeterThread: Thread finished: 250 TPS Thread Group 1-220
2026-05-25 16:17:13,009 INFO o.a.j.t.JMeterThread: Thread is done: 250 TPS Thread Group 1-123
2026-05-25 16:17:13,010 INFO o.a.j.t.JMeterThread: Thread finished: 250 TPS Thread Group 1-123
2026-05-25 16:17:13,018 INFO o.a.j.t.JMeterThread: Thread is done: 250 TPS Thread Group 1-2
2026-05-25 16:17:13,019 INFO o.a.j.t.JMeterThread: Thread finished: 250 TPS Thread Group 1-2
2026-05-25 16:17:13,072 INFO o.a.j.t.JMeterThread: Thread is done: 250 TPS Thread Group 1-40
2026-05-25 16:17:13,074 INFO o.a.j.t.JMeterThread: Thread finished: 250 TPS Thread Group 1-40
2026-05-25 16:17:13,099 INFO o.a.j.t.JMeterThread: Thread is done: 250 TPS Thread Group 1-191
2026-05-25 16:17:13,099 INFO o.a.j.t.JMeterThread: Thread finished: 250 TPS Thread Group 1-191
2026-05-25 16:17:13,108 INFO o.a.j.t.JMeterThread: Thread is done: 250 TPS Thread Group 1-218
2026-05-25 16:17:13,108 INFO o.a.j.t.JMeterThread: Thread finished: 250 TPS Thread Group 1-218
2026-05-25 16:17:13,121 INFO o.a.j.t.JMeterThread: Thread is done: 250 TPS Thread Group 1-62
2026-05-25 16:17:13,121 INFO o.a.j.t.JMeterThread: Thread finished: 250 TPS Thread Group 1-62
2026-05-25 16:17:13,131 INFO o.a.j.t.JMeterThread: Thread is done: 250 TPS Thread Group 1-135
2026-05-25 16:17:13,131 INFO o.a.j.t.JMeterThread: Thread finished: 250 TPS Thread Group 1-135
2026-05-25 16:17:13,136 INFO o.a.j.t.JMeterThread: Thread is done: 250 TPS Thread Group 1-78
2026-05-25 16:17:13,137 INFO o.a.j.t.JMeterThread: Thread finished: 250 TPS Thread Group 1-78
2026-05-25 16:17:13,148 INFO o.a.j.t.JMeterThread: Thread is done: 250 TPS Thread Group 1-52
2026-05-25 16:17:13,149 INFO o.a.j.t.JMeterThread: Thread finished: 250 TPS Thread Group 1-52
2026-05-25 16:17:13,156 INFO o.a.j.t.JMeterThread: Thread is done: 250 TPS Thread Group 1-91
2026-05-25 16:17:13,156 INFO o.a.j.t.JMeterThread: Thread finished: 250 TPS Thread Group 1-91
2026-05-25 16:17:13,169 INFO o.a.j.t.JMeterThread: Thread is done: 250 TPS Thread Group 1-39
2026-05-25 16:17:13,170 INFO o.a.j.t.JMeterThread: Thread finished: 250 TPS Thread Group 1-39
2026-05-25 16:17:13,184 INFO o.a.j.t.JMeterThread: Thread is done: 250 TPS Thread Group 1-210
2026-05-25 16:17:13,184 INFO o.a.j.t.JMeterThread: Thread finished: 250 TPS Thread Group 1-210
2026-05-25 16:17:13,195 INFO o.a.j.t.JMeterThread: Thread is done: 250 TPS Thread Group 1-54
2026-05-25 16:17:13,195 INFO o.a.j.t.JMeterThread: Thread finished: 250 TPS Thread Group 1-54
2026-05-25 16:17:13,200 INFO o.a.j.t.JMeterThread: Thread is done: 250 TPS Thread Group 1-242
2026-05-25 16:17:13,200 INFO o.a.j.t.JMeterThread: Thread finished: 250 TPS Thread Group 1-242
2026-05-25 16:17:13,215 INFO o.a.j.t.JMeterThread: Thread is done: 250 TPS Thread Group 1-164
2026-05-25 16:17:13,215 INFO o.a.j.t.JMeterThread: Thread finished: 250 TPS Thread Group 1-164
2026-05-25 16:17:13,224 INFO o.a.j.t.JMeterThread: Thread is done: 250 TPS Thread Group 1-213
2026-05-25 16:17:13,224 INFO o.a.j.t.JMeterThread: Thread finished: 250 TPS Thread Group 1-213
2026-05-25 16:17:13,267 INFO o.a.j.t.JMeterThread: Thread is done: 250 TPS Thread Group 1-231
2026-05-25 16:17:13,267 INFO o.a.j.t.JMeterThread: Thread finished: 250 TPS Thread Group 1-231
2026-05-25 16:17:13,282 INFO o.a.j.t.JMeterThread: Thread is done: 250 TPS Thread Group 1-249
2026-05-25 16:17:13,282 INFO o.a.j.t.JMeterThread: Thread finished: 250 TPS Thread Group 1-249
2026-05-25 16:17:13,303 INFO o.a.j.t.JMeterThread: Thread is done: 250 TPS Thread Group 1-79
2026-05-25 16:17:13,303 INFO o.a.j.t.JMeterThread: Thread finished: 250 TPS Thread Group 1-79
2026-05-25 16:17:13,308 INFO o.a.j.t.JMeterThread: Thread is done: 250 TPS Thread Group 1-128
2026-05-25 16:17:13,308 INFO o.a.j.t.JMeterThread: Thread finished: 250 TPS Thread Group 1-128
2026-05-25 16:17:13,332 INFO o.a.j.t.JMeterThread: Thread is done: 250 TPS Thread Group 1-142
2026-05-25 16:17:13,333 INFO o.a.j.t.JMeterThread: Thread finished: 250 TPS Thread Group 1-142
2026-05-25 16:17:13,402 INFO o.a.j.t.JMeterThread: Thread is done: 250 TPS Thread Group 1-137
2026-05-25 16:17:13,402 INFO o.a.j.t.JMeterThread: Thread finished: 250 TPS Thread Group 1-137
2026-05-25 16:17:13,422 INFO o.a.j.t.JMeterThread: Thread is done: 250 TPS Thread Group 1-84
2026-05-25 16:17:13,422 INFO o.a.j.t.JMeterThread: Thread finished: 250 TPS Thread Group 1-84
2026-05-25 16:17:13,433 INFO o.a.j.t.JMeterThread: Thread is done: 250 TPS Thread Group 1-29
2026-05-25 16:17:13,433 INFO o.a.j.t.JMeterThread: Thread finished: 250 TPS Thread Group 1-29
2026-05-25 16:17:13,436 INFO o.a.j.t.JMeterThread: Thread is done: 250 TPS Thread Group 1-16
2026-05-25 16:17:13,436 INFO o.a.j.t.JMeterThread: Thread finished: 250 TPS Thread Group 1-16
2026-05-25 16:17:13,439 INFO o.a.j.t.JMeterThread: Thread is done: 250 TPS Thread Group 1-94
2026-05-25 16:17:13,439 INFO o.a.j.t.JMeterThread: Thread finished: 250 TPS Thread Group 1-94
2026-05-25 16:17:13,467 INFO o.a.j.t.JMeterThread: Thread is done: 250 TPS Thread Group 1-186
2026-05-25 16:17:13,467 INFO o.a.j.t.JMeterThread: Thread finished: 250 TPS Thread Group 1-186
2026-05-25 16:17:13,485 INFO o.a.j.t.JMeterThread: Thread is done: 250 TPS Thread Group 1-60
2026-05-25 16:17:13,486 INFO o.a.j.t.JMeterThread: Thread finished: 250 TPS Thread Group 1-60
2026-05-25 16:17:13,498 INFO o.a.j.t.JMeterThread: Thread is done: 250 TPS Thread Group 1-75
2026-05-25 16:17:13,498 INFO o.a.j.t.JMeterThread: Thread finished: 250 TPS Thread Group 1-75
2026-05-25 16:17:13,501 INFO o.a.j.t.JMeterThread: Thread is done: 250 TPS Thread Group 1-199
2026-05-25 16:17:13,501 INFO o.a.j.t.JMeterThread: Thread finished: 250 TPS Thread Group 1-199
2026-05-25 16:17:13,504 INFO o.a.j.t.JMeterThread: Thread is done: 250 TPS Thread Group 1-55
2026-05-25 16:17:13,504 INFO o.a.j.t.JMeterThread: Thread finished: 250 TPS Thread Group 1-55
2026-05-25 16:17:13,511 INFO o.a.j.t.JMeterThread: Thread is done: 250 TPS Thread Group 1-85
2026-05-25 16:17:13,511 INFO o.a.j.t.JMeterThread: Thread finished: 250 TPS Thread Group 1-85
2026-05-25 16:17:13,562 INFO o.a.j.t.JMeterThread: Thread is done: 250 TPS Thread Group 1-26
2026-05-25 16:17:13,562 INFO o.a.j.t.JMeterThread: Thread finished: 250 TPS Thread Group 1-26
2026-05-25 16:17:13,566 INFO o.a.j.t.JMeterThread: Thread is done: 250 TPS Thread Group 1-18
2026-05-25 16:17:13,566 INFO o.a.j.t.JMeterThread: Thread finished: 250 TPS Thread Group 1-18
2026-05-25 16:17:13,568 INFO o.a.j.t.JMeterThread: Thread is done: 250 TPS Thread Group 1-219
2026-05-25 16:17:13,568 INFO o.a.j.t.JMeterThread: Thread finished: 250 TPS Thread Group 1-219
2026-05-25 16:17:13,586 INFO o.a.j.t.JMeterThread: Thread is done: 250 TPS Thread Group 1-107
2026-05-25 16:17:13,586 INFO o.a.j.t.JMeterThread: Thread finished: 250 TPS Thread Group 1-107
2026-05-25 16:17:13,609 INFO o.a.j.t.JMeterThread: Thread is done: 250 TPS Thread Group 1-76
2026-05-25 16:17:13,609 INFO o.a.j.t.JMeterThread: Thread finished: 250 TPS Thread Group 1-76
2026-05-25 16:17:13,633 INFO o.a.j.t.JMeterThread: Thread is done: 250 TPS Thread Group 1-90
2026-05-25 16:17:13,633 INFO o.a.j.t.JMeterThread: Thread finished: 250 TPS Thread Group 1-90
2026-05-25 16:17:13,653 INFO o.a.j.t.JMeterThread: Thread is done: 250 TPS Thread Group 1-33
2026-05-25 16:17:13,653 INFO o.a.j.t.JMeterThread: Thread finished: 250 TPS Thread Group 1-33
2026-05-25 16:17:13,664 INFO o.a.j.t.JMeterThread: Thread is done: 250 TPS Thread Group 1-103
2026-05-25 16:17:13,664 INFO o.a.j.t.JMeterThread: Thread finished: 250 TPS Thread Group 1-103
2026-05-25 16:17:13,679 INFO o.a.j.t.JMeterThread: Thread is done: 250 TPS Thread Group 1-198
2026-05-25 16:17:13,679 INFO o.a.j.t.JMeterThread: Thread finished: 250 TPS Thread Group 1-198
2026-05-25 16:17:13,684 INFO o.a.j.t.JMeterThread: Thread is done: 250 TPS Thread Group 1-32
2026-05-25 16:17:13,685 INFO o.a.j.t.JMeterThread: Thread finished: 250 TPS Thread Group 1-32
2026-05-25 16:17:13,713 INFO o.a.j.t.JMeterThread: Thread is done: 250 TPS Thread Group 1-247
2026-05-25 16:17:13,713 INFO o.a.j.t.JMeterThread: Thread finished: 250 TPS Thread Group 1-247
2026-05-25 16:17:13,737 INFO o.a.j.t.JMeterThread: Thread is done: 250 TPS Thread Group 1-189
2026-05-25 16:17:13,738 INFO o.a.j.t.JMeterThread: Thread finished: 250 TPS Thread Group 1-189
2026-05-25 16:17:13,742 INFO o.a.j.t.JMeterThread: Thread is done: 250 TPS Thread Group 1-223
2026-05-25 16:17:13,742 INFO o.a.j.t.JMeterThread: Thread finished: 250 TPS Thread Group 1-223
2026-05-25 16:17:13,753 INFO o.a.j.t.JMeterThread: Thread is done: 250 TPS Thread Group 1-144
2026-05-25 16:17:13,753 INFO o.a.j.t.JMeterThread: Thread finished: 250 TPS Thread Group 1-144
2026-05-25 16:17:13,765 INFO o.a.j.t.JMeterThread: Thread is done: 250 TPS Thread Group 1-37
2026-05-25 16:17:13,766 INFO o.a.j.t.JMeterThread: Thread finished: 250 TPS Thread Group 1-37
2026-05-25 16:17:13,766 INFO o.a.j.t.JMeterThread: Thread is done: 250 TPS Thread Group 1-97
2026-05-25 16:17:13,766 INFO o.a.j.t.JMeterThread: Thread finished: 250 TPS Thread Group 1-97
2026-05-25 16:17:13,798 INFO o.a.j.t.JMeterThread: Thread is done: 250 TPS Thread Group 1-116
2026-05-25 16:17:13,799 INFO o.a.j.t.JMeterThread: Thread finished: 250 TPS Thread Group 1-116
2026-05-25 16:17:13,811 INFO o.a.j.t.JMeterThread: Thread is done: 250 TPS Thread Group 1-88
2026-05-25 16:17:13,811 INFO o.a.j.t.JMeterThread: Thread finished: 250 TPS Thread Group 1-88
2026-05-25 16:17:13,814 INFO o.a.j.t.JMeterThread: Thread is done: 250 TPS Thread Group 1-227
2026-05-25 16:17:13,814 INFO o.a.j.t.JMeterThread: Thread finished: 250 TPS Thread Group 1-227
2026-05-25 16:17:13,820 INFO o.a.j.t.JMeterThread: Thread is done: 250 TPS Thread Group 1-5
2026-05-25 16:17:13,820 INFO o.a.j.t.JMeterThread: Thread finished: 250 TPS Thread Group 1-5
2026-05-25 16:17:13,850 INFO o.a.j.t.JMeterThread: Thread is done: 250 TPS Thread Group 1-4
2026-05-25 16:17:13,850 INFO o.a.j.t.JMeterThread: Thread finished: 250 TPS Thread Group 1-4
2026-05-25 16:17:13,856 INFO o.a.j.t.JMeterThread: Thread is done: 250 TPS Thread Group 1-133
2026-05-25 16:17:13,856 INFO o.a.j.t.JMeterThread: Thread finished: 250 TPS Thread Group 1-133
2026-05-25 16:17:13,871 INFO o.a.j.t.JMeterThread: Thread is done: 250 TPS Thread Group 1-162
2026-05-25 16:17:13,872 INFO o.a.j.t.JMeterThread: Thread finished: 250 TPS Thread Group 1-162
2026-05-25 16:17:13,884 INFO o.a.j.t.JMeterThread: Thread is done: 250 TPS Thread Group 1-105
2026-05-25 16:17:13,884 INFO o.a.j.t.JMeterThread: Thread finished: 250 TPS Thread Group 1-105
2026-05-25 16:17:13,885 INFO o.a.j.t.JMeterThread: Thread is done: 250 TPS Thread Group 1-6
2026-05-25 16:17:13,886 INFO o.a.j.t.JMeterThread: Thread finished: 250 TPS Thread Group 1-6
2026-05-25 16:17:13,897 INFO o.a.j.t.JMeterThread: Thread is done: 250 TPS Thread Group 1-66
2026-05-25 16:17:13,897 INFO o.a.j.t.JMeterThread: Thread finished: 250 TPS Thread Group 1-66
2026-05-25 16:17:13,910 INFO o.a.j.t.JMeterThread: Thread is done: 250 TPS Thread Group 1-12
2026-05-25 16:17:13,910 INFO o.a.j.t.JMeterThread: Thread finished: 250 TPS Thread Group 1-12
2026-05-25 16:17:13,935 INFO o.a.j.t.JMeterThread: Thread is done: 250 TPS Thread Group 1-67
2026-05-25 16:17:13,935 INFO o.a.j.t.JMeterThread: Thread finished: 250 TPS Thread Group 1-67
2026-05-25 16:17:13,982 INFO o.a.j.t.JMeterThread: Thread is done: 250 TPS Thread Group 1-157
2026-05-25 16:17:13,982 INFO o.a.j.t.JMeterThread: Thread finished: 250 TPS Thread Group 1-157
2026-05-25 16:17:13,984 INFO o.a.j.t.JMeterThread: Thread is done: 250 TPS Thread Group 1-205
2026-05-25 16:17:13,984 INFO o.a.j.t.JMeterThread: Thread finished: 250 TPS Thread Group 1-205
2026-05-25 16:17:14,004 INFO o.a.j.t.JMeterThread: Thread is done: 250 TPS Thread Group 1-11
2026-05-25 16:17:14,004 INFO o.a.j.t.JMeterThread: Thread finished: 250 TPS Thread Group 1-11
2026-05-25 16:17:14,018 INFO o.a.j.t.JMeterThread: Thread is done: 250 TPS Thread Group 1-168
2026-05-25 16:17:14,019 INFO o.a.j.t.JMeterThread: Thread finished: 250 TPS Thread Group 1-168
2026-05-25 16:17:14,042 INFO o.a.j.t.JMeterThread: Thread is done: 250 TPS Thread Group 1-169
2026-05-25 16:17:14,042 INFO o.a.j.t.JMeterThread: Thread finished: 250 TPS Thread Group 1-169
2026-05-25 16:17:14,079 INFO o.a.j.t.JMeterThread: Thread is done: 250 TPS Thread Group 1-93
2026-05-25 16:17:14,079 INFO o.a.j.t.JMeterThread: Thread finished: 250 TPS Thread Group 1-93
2026-05-25 16:17:14,093 INFO o.a.j.t.JMeterThread: Thread is done: 250 TPS Thread Group 1-229
2026-05-25 16:17:14,094 INFO o.a.j.t.JMeterThread: Thread finished: 250 TPS Thread Group 1-229
2026-05-25 16:17:14,107 INFO o.a.j.t.JMeterThread: Thread is done: 250 TPS Thread Group 1-121
2026-05-25 16:17:14,108 INFO o.a.j.t.JMeterThread: Thread finished: 250 TPS Thread Group 1-121
2026-05-25 16:17:14,120 INFO o.a.j.t.JMeterThread: Thread is done: 250 TPS Thread Group 1-154
2026-05-25 16:17:14,120 INFO o.a.j.t.JMeterThread: Thread finished: 250 TPS Thread Group 1-154
2026-05-25 16:17:14,124 INFO o.a.j.t.JMeterThread: Thread is done: 250 TPS Thread Group 1-23
2026-05-25 16:17:14,124 INFO o.a.j.t.JMeterThread: Thread finished: 250 TPS Thread Group 1-23
2026-05-25 16:17:14,131 INFO o.a.j.t.JMeterThread: Thread is done: 250 TPS Thread Group 1-152
2026-05-25 16:17:14,131 INFO o.a.j.t.JMeterThread: Thread finished: 250 TPS Thread Group 1-152
2026-05-25 16:17:14,132 INFO o.a.j.t.JMeterThread: Thread is done: 250 TPS Thread Group 1-216
2026-05-25 16:17:14,132 INFO o.a.j.t.JMeterThread: Thread is done: 250 TPS Thread Group 1-204
2026-05-25 16:17:14,132 INFO o.a.j.t.JMeterThread: Thread finished: 250 TPS Thread Group 1-216
2026-05-25 16:17:14,132 INFO o.a.j.t.JMeterThread: Thread finished: 250 TPS Thread Group 1-204
2026-05-25 16:17:14,139 INFO o.a.j.t.JMeterThread: Thread is done: 250 TPS Thread Group 1-225
2026-05-25 16:17:14,139 INFO o.a.j.t.JMeterThread: Thread finished: 250 TPS Thread Group 1-225
2026-05-25 16:17:14,144 INFO o.a.j.t.JMeterThread: Thread is done: 250 TPS Thread Group 1-179
2026-05-25 16:17:14,145 INFO o.a.j.t.JMeterThread: Thread finished: 250 TPS Thread Group 1-179
2026-05-25 16:17:14,157 INFO o.a.j.t.JMeterThread: Thread is done: 250 TPS Thread Group 1-228
2026-05-25 16:17:14,157 INFO o.a.j.t.JMeterThread: Thread finished: 250 TPS Thread Group 1-228
2026-05-25 16:17:14,158 INFO o.a.j.t.JMeterThread: Thread is done: 250 TPS Thread Group 1-106
2026-05-25 16:17:14,158 INFO o.a.j.t.JMeterThread: Thread finished: 250 TPS Thread Group 1-106
2026-05-25 16:17:14,172 INFO o.a.j.t.JMeterThread: Thread is done: 250 TPS Thread Group 1-246
2026-05-25 16:17:14,173 INFO o.a.j.t.JMeterThread: Thread finished: 250 TPS Thread Group 1-246
2026-05-25 16:17:14,187 INFO o.a.j.t.JMeterThread: Thread is done: 250 TPS Thread Group 1-92
2026-05-25 16:17:14,188 INFO o.a.j.t.JMeterThread: Thread finished: 250 TPS Thread Group 1-92
2026-05-25 16:17:14,231 INFO o.a.j.t.JMeterThread: Thread is done: 250 TPS Thread Group 1-112
2026-05-25 16:17:14,231 INFO o.a.j.t.JMeterThread: Thread finished: 250 TPS Thread Group 1-112
2026-05-25 16:17:14,233 INFO o.a.j.t.JMeterThread: Thread is done: 250 TPS Thread Group 1-77
2026-05-25 16:17:14,233 INFO o.a.j.t.JMeterThread: Thread finished: 250 TPS Thread Group 1-77
2026-05-25 16:17:14,235 INFO o.a.j.t.JMeterThread: Thread is done: 250 TPS Thread Group 1-170
2026-05-25 16:17:14,235 INFO o.a.j.t.JMeterThread: Thread finished: 250 TPS Thread Group 1-170
2026-05-25 16:17:14,241 INFO o.a.j.t.JMeterThread: Thread is done: 250 TPS Thread Group 1-109
2026-05-25 16:17:14,241 INFO o.a.j.t.JMeterThread: Thread finished: 250 TPS Thread Group 1-109
2026-05-25 16:17:14,257 INFO o.a.j.t.JMeterThread: Thread is done: 250 TPS Thread Group 1-184
2026-05-25 16:17:14,257 INFO o.a.j.t.JMeterThread: Thread finished: 250 TPS Thread Group 1-184
2026-05-25 16:17:14,262 INFO o.a.j.t.JMeterThread: Thread is done: 250 TPS Thread Group 1-25
2026-05-25 16:17:14,262 INFO o.a.j.t.JMeterThread: Thread finished: 250 TPS Thread Group 1-25
2026-05-25 16:17:14,298 INFO o.a.j.t.JMeterThread: Thread is done: 250 TPS Thread Group 1-65
2026-05-25 16:17:14,298 INFO o.a.j.t.JMeterThread: Thread finished: 250 TPS Thread Group 1-65
2026-05-25 16:17:14,299 INFO o.a.j.e.StandardJMeterEngine: Notifying test listeners of end of test
2026-05-25 16:17:14,300 INFO o.a.j.r.Summariser: summary +   4196 in 00:00:14 =  293.4/s Avg:   713 Min:    10 Max:  3530 Err:     0 (0.00%) Active: 0 Started: 250 Finished: 250
2026-05-25 16:17:14,301 INFO o.a.j.r.Summariser: summary =  25000 in 00:01:31 =  273.8/s Avg:   877 Min:    10 Max:  5092 Err:     0 (0.00%)
